{"C:\\Users\\JaySabva\\Desktop\\Common_Ground\\BackEnd\\app.js": {"path":"C:\\Users\\JaySabva\\Desktop\\Common_Ground\\BackEnd\\app.js","statementMap":{"0":{"start":{"line":1,"column":16},"end":{"line":1,"column":34}},"1":{"start":{"line":2,"column":19},"end":{"line":2,"column":41}},"2":{"start":{"line":3,"column":17},"end":{"line":3,"column":36}},"3":{"start":{"line":4,"column":15},"end":{"line":4,"column":32}},"4":{"start":{"line":5,"column":15},"end":{"line":5,"column":32}},"5":{"start":{"line":6,"column":13},"end":{"line":6,"column":28}},"6":{"start":{"line":8,"column":12},"end":{"line":8,"column":21}},"7":{"start":{"line":9,"column":0},"end":{"line":9,"column":38}},"8":{"start":{"line":13,"column":22},"end":{"line":13,"column":53}},"9":{"start":{"line":14,"column":23},"end":{"line":14,"column":55}},"10":{"start":{"line":15,"column":20},"end":{"line":15,"column":49}},"11":{"start":{"line":16,"column":19},"end":{"line":16,"column":48}},"12":{"start":{"line":19,"column":0},"end":{"line":19,"column":23}},"13":{"start":{"line":20,"column":0},"end":{"line":20,"column":50}},"14":{"start":{"line":21,"column":0},"end":{"line":21,"column":27}},"15":{"start":{"line":24,"column":0},"end":{"line":27,"column":52}},"16":{"start":{"line":27,"column":13},"end":{"line":27,"column":50}},"17":{"start":{"line":30,"column":0},"end":{"line":38,"column":3}},"18":{"start":{"line":31,"column":4},"end":{"line":31,"column":51}},"19":{"start":{"line":32,"column":4},"end":{"line":32,"column":112}},"20":{"start":{"line":33,"column":4},"end":{"line":36,"column":5}},"21":{"start":{"line":34,"column":8},"end":{"line":34,"column":84}},"22":{"start":{"line":35,"column":8},"end":{"line":35,"column":40}},"23":{"start":{"line":37,"column":4},"end":{"line":37,"column":11}},"24":{"start":{"line":42,"column":0},"end":{"line":42,"column":68}},"25":{"start":{"line":45,"column":0},"end":{"line":45,"column":35}},"26":{"start":{"line":46,"column":0},"end":{"line":46,"column":37}},"27":{"start":{"line":47,"column":0},"end":{"line":47,"column":31}},"28":{"start":{"line":48,"column":0},"end":{"line":48,"column":29}},"29":{"start":{"line":51,"column":0},"end":{"line":55,"column":3}},"30":{"start":{"line":52,"column":18},"end":{"line":52,"column":40}},"31":{"start":{"line":53,"column":4},"end":{"line":53,"column":23}},"32":{"start":{"line":54,"column":4},"end":{"line":54,"column":16}},"33":{"start":{"line":58,"column":0},"end":{"line":65,"column":3}},"34":{"start":{"line":59,"column":4},"end":{"line":59,"column":36}},"35":{"start":{"line":60,"column":4},"end":{"line":64,"column":7}},"36":{"start":{"line":68,"column":0},"end":{"line":68,"column":21}}},"fnMap":{"0":{"name":"(anonymous_0)","decl":{"start":{"line":27,"column":7},"end":{"line":27,"column":8}},"loc":{"start":{"line":27,"column":13},"end":{"line":27,"column":50}},"line":27},"1":{"name":"(anonymous_1)","decl":{"start":{"line":30,"column":8},"end":{"line":30,"column":9}},"loc":{"start":{"line":30,"column":28},"end":{"line":38,"column":1}},"line":30},"2":{"name":"(anonymous_2)","decl":{"start":{"line":51,"column":8},"end":{"line":51,"column":9}},"loc":{"start":{"line":51,"column":28},"end":{"line":55,"column":1}},"line":51},"3":{"name":"(anonymous_3)","decl":{"start":{"line":58,"column":8},"end":{"line":58,"column":9}},"loc":{"start":{"line":58,"column":35},"end":{"line":65,"column":1}},"line":58}},"branchMap":{"0":{"loc":{"start":{"line":33,"column":4},"end":{"line":36,"column":5}},"type":"if","locations":[{"start":{"line":33,"column":4},"end":{"line":36,"column":5}},{"start":{},"end":{}}],"line":33},"1":{"loc":{"start":{"line":59,"column":15},"end":{"line":59,"column":34}},"type":"binary-expr","locations":[{"start":{"line":59,"column":15},"end":{"line":59,"column":27}},{"start":{"line":59,"column":31},"end":{"line":59,"column":34}}],"line":59}},"s":{"0":1,"1":1,"2":1,"3":1,"4":1,"5":1,"6":1,"7":1,"8":1,"9":1,"10":1,"11":1,"12":1,"13":1,"14":1,"15":1,"16":1,"17":1,"18":214,"19":214,"20":214,"21":0,"22":0,"23":214,"24":1,"25":1,"26":1,"27":1,"28":1,"29":1,"30":2,"31":2,"32":2,"33":1,"34":2,"35":2,"36":1},"f":{"0":1,"1":214,"2":2,"3":2},"b":{"0":[0,214],"1":[2,0]},"_coverageSchema":"1a1c01bbd47fc00a2c39e90264f33305004495a9","hash":"474bbaa2cbfd74c486b59b607e07e849f8b8d4a5"}
,"C:\\Users\\JaySabva\\Desktop\\Common_Ground\\BackEnd\\api\\controllers\\assignment.js": {"path":"C:\\Users\\JaySabva\\Desktop\\Common_Ground\\BackEnd\\api\\controllers\\assignment.js","statementMap":{"0":{"start":{"line":1,"column":17},"end":{"line":1,"column":36}},"1":{"start":{"line":2,"column":11},"end":{"line":2,"column":24}},"2":{"start":{"line":3,"column":13},"end":{"line":3,"column":28}},"3":{"start":{"line":5,"column":15},"end":{"line":5,"column":42}},"4":{"start":{"line":6,"column":17},"end":{"line":6,"column":46}},"5":{"start":{"line":7,"column":16},"end":{"line":7,"column":44}},"6":{"start":{"line":8,"column":19},"end":{"line":8,"column":50}},"7":{"start":{"line":9,"column":19},"end":{"line":9,"column":50}},"8":{"start":{"line":11,"column":18},"end":{"line":11,"column":50}},"9":{"start":{"line":12,"column":35},"end":{"line":12,"column":68}},"10":{"start":{"line":15,"column":0},"end":{"line":64,"column":1}},"11":{"start":{"line":16,"column":4},"end":{"line":63,"column":5}},"12":{"start":{"line":17,"column":8},"end":{"line":21,"column":9}},"13":{"start":{"line":18,"column":12},"end":{"line":20,"column":15}},"14":{"start":{"line":23,"column":23},"end":{"line":23,"column":72}},"15":{"start":{"line":24,"column":8},"end":{"line":28,"column":9}},"16":{"start":{"line":25,"column":12},"end":{"line":27,"column":15}},"17":{"start":{"line":29,"column":25},"end":{"line":29,"column":76}},"18":{"start":{"line":31,"column":8},"end":{"line":35,"column":9}},"19":{"start":{"line":32,"column":12},"end":{"line":34,"column":15}},"20":{"start":{"line":36,"column":25},"end":{"line":36,"column":27}},"21":{"start":{"line":37,"column":8},"end":{"line":39,"column":9}},"22":{"start":{"line":38,"column":12},"end":{"line":38,"column":58}},"23":{"start":{"line":38,"column":47},"end":{"line":38,"column":56}},"24":{"start":{"line":40,"column":27},"end":{"line":47,"column":10}},"25":{"start":{"line":49,"column":8},"end":{"line":49,"column":32}},"26":{"start":{"line":50,"column":8},"end":{"line":50,"column":36}},"27":{"start":{"line":52,"column":8},"end":{"line":52,"column":54}},"28":{"start":{"line":54,"column":8},"end":{"line":54,"column":28}},"29":{"start":{"line":55,"column":8},"end":{"line":58,"column":11}},"30":{"start":{"line":60,"column":8},"end":{"line":62,"column":11}},"31":{"start":{"line":104,"column":0},"end":{"line":149,"column":2}},"32":{"start":{"line":105,"column":4},"end":{"line":148,"column":5}},"33":{"start":{"line":106,"column":8},"end":{"line":110,"column":9}},"34":{"start":{"line":107,"column":12},"end":{"line":109,"column":15}},"35":{"start":{"line":112,"column":27},"end":{"line":112,"column":84}},"36":{"start":{"line":113,"column":8},"end":{"line":117,"column":9}},"37":{"start":{"line":114,"column":12},"end":{"line":116,"column":15}},"38":{"start":{"line":119,"column":23},"end":{"line":119,"column":70}},"39":{"start":{"line":120,"column":25},"end":{"line":120,"column":76}},"40":{"start":{"line":122,"column":8},"end":{"line":126,"column":9}},"41":{"start":{"line":123,"column":12},"end":{"line":125,"column":15}},"42":{"start":{"line":128,"column":36},"end":{"line":128,"column":120}},"43":{"start":{"line":129,"column":32},"end":{"line":129,"column":48}},"44":{"start":{"line":130,"column":31},"end":{"line":130,"column":78}},"45":{"start":{"line":132,"column":8},"end":{"line":134,"column":9}},"46":{"start":{"line":133,"column":12},"end":{"line":133,"column":41}},"47":{"start":{"line":136,"column":8},"end":{"line":136,"column":63}},"48":{"start":{"line":137,"column":8},"end":{"line":137,"column":28}},"49":{"start":{"line":139,"column":8},"end":{"line":139,"column":74}},"50":{"start":{"line":141,"column":8},"end":{"line":143,"column":11}},"51":{"start":{"line":145,"column":8},"end":{"line":147,"column":11}},"52":{"start":{"line":151,"column":0},"end":{"line":194,"column":1}},"53":{"start":{"line":152,"column":4},"end":{"line":193,"column":5}},"54":{"start":{"line":153,"column":8},"end":{"line":157,"column":9}},"55":{"start":{"line":154,"column":12},"end":{"line":156,"column":15}},"56":{"start":{"line":159,"column":27},"end":{"line":159,"column":84}},"57":{"start":{"line":160,"column":8},"end":{"line":164,"column":9}},"58":{"start":{"line":161,"column":12},"end":{"line":163,"column":15}},"59":{"start":{"line":166,"column":23},"end":{"line":166,"column":70}},"60":{"start":{"line":167,"column":25},"end":{"line":167,"column":76}},"61":{"start":{"line":169,"column":8},"end":{"line":173,"column":9}},"62":{"start":{"line":170,"column":12},"end":{"line":172,"column":15}},"63":{"start":{"line":175,"column":27},"end":{"line":175,"column":84}},"64":{"start":{"line":176,"column":8},"end":{"line":180,"column":9}},"65":{"start":{"line":177,"column":12},"end":{"line":179,"column":15}},"66":{"start":{"line":182,"column":8},"end":{"line":182,"column":42}},"67":{"start":{"line":183,"column":8},"end":{"line":183,"column":50}},"68":{"start":{"line":184,"column":8},"end":{"line":184,"column":32}},"69":{"start":{"line":186,"column":8},"end":{"line":188,"column":11}},"70":{"start":{"line":190,"column":8},"end":{"line":192,"column":11}}},"fnMap":{"0":{"name":"(anonymous_0)","decl":{"start":{"line":15,"column":27},"end":{"line":15,"column":28}},"loc":{"start":{"line":15,"column":53},"end":{"line":64,"column":1}},"line":15},"1":{"name":"(anonymous_1)","decl":{"start":{"line":38,"column":39},"end":{"line":38,"column":40}},"loc":{"start":{"line":38,"column":47},"end":{"line":38,"column":56}},"line":38},"2":{"name":"(anonymous_2)","decl":{"start":{"line":104,"column":27},"end":{"line":104,"column":28}},"loc":{"start":{"line":104,"column":53},"end":{"line":149,"column":1}},"line":104},"3":{"name":"(anonymous_3)","decl":{"start":{"line":151,"column":26},"end":{"line":151,"column":27}},"loc":{"start":{"line":151,"column":52},"end":{"line":194,"column":1}},"line":151}},"branchMap":{"0":{"loc":{"start":{"line":17,"column":8},"end":{"line":21,"column":9}},"type":"if","locations":[{"start":{"line":17,"column":8},"end":{"line":21,"column":9}},{"start":{},"end":{}}],"line":17},"1":{"loc":{"start":{"line":24,"column":8},"end":{"line":28,"column":9}},"type":"if","locations":[{"start":{"line":24,"column":8},"end":{"line":28,"column":9}},{"start":{},"end":{}}],"line":24},"2":{"loc":{"start":{"line":31,"column":8},"end":{"line":35,"column":9}},"type":"if","locations":[{"start":{"line":31,"column":8},"end":{"line":35,"column":9}},{"start":{},"end":{}}],"line":31},"3":{"loc":{"start":{"line":37,"column":8},"end":{"line":39,"column":9}},"type":"if","locations":[{"start":{"line":37,"column":8},"end":{"line":39,"column":9}},{"start":{},"end":{}}],"line":37},"4":{"loc":{"start":{"line":106,"column":8},"end":{"line":110,"column":9}},"type":"if","locations":[{"start":{"line":106,"column":8},"end":{"line":110,"column":9}},{"start":{},"end":{}}],"line":106},"5":{"loc":{"start":{"line":113,"column":8},"end":{"line":117,"column":9}},"type":"if","locations":[{"start":{"line":113,"column":8},"end":{"line":117,"column":9}},{"start":{},"end":{}}],"line":113},"6":{"loc":{"start":{"line":122,"column":8},"end":{"line":126,"column":9}},"type":"if","locations":[{"start":{"line":122,"column":8},"end":{"line":126,"column":9}},{"start":{},"end":{}}],"line":122},"7":{"loc":{"start":{"line":132,"column":8},"end":{"line":134,"column":9}},"type":"if","locations":[{"start":{"line":132,"column":8},"end":{"line":134,"column":9}},{"start":{},"end":{}}],"line":132},"8":{"loc":{"start":{"line":153,"column":8},"end":{"line":157,"column":9}},"type":"if","locations":[{"start":{"line":153,"column":8},"end":{"line":157,"column":9}},{"start":{},"end":{}}],"line":153},"9":{"loc":{"start":{"line":160,"column":8},"end":{"line":164,"column":9}},"type":"if","locations":[{"start":{"line":160,"column":8},"end":{"line":164,"column":9}},{"start":{},"end":{}}],"line":160},"10":{"loc":{"start":{"line":169,"column":8},"end":{"line":173,"column":9}},"type":"if","locations":[{"start":{"line":169,"column":8},"end":{"line":173,"column":9}},{"start":{},"end":{}}],"line":169},"11":{"loc":{"start":{"line":176,"column":8},"end":{"line":180,"column":9}},"type":"if","locations":[{"start":{"line":176,"column":8},"end":{"line":180,"column":9}},{"start":{},"end":{}}],"line":176}},"s":{"0":1,"1":1,"2":1,"3":1,"4":1,"5":1,"6":1,"7":1,"8":1,"9":1,"10":1,"11":4,"12":4,"13":1,"14":3,"15":3,"16":1,"17":2,"18":2,"19":1,"20":1,"21":1,"22":1,"23":1,"24":1,"25":1,"26":1,"27":1,"28":1,"29":1,"30":0,"31":1,"32":4,"33":4,"34":1,"35":3,"36":3,"37":1,"38":2,"39":2,"40":2,"41":1,"42":1,"43":1,"44":1,"45":1,"46":1,"47":1,"48":1,"49":1,"50":1,"51":0,"52":1,"53":5,"54":5,"55":1,"56":4,"57":4,"58":1,"59":3,"60":3,"61":3,"62":1,"63":2,"64":2,"65":1,"66":1,"67":1,"68":1,"69":1,"70":0},"f":{"0":4,"1":1,"2":4,"3":5},"b":{"0":[1,3],"1":[1,2],"2":[1,1],"3":[1,0],"4":[1,3],"5":[1,2],"6":[1,1],"7":[1,0],"8":[1,4],"9":[1,3],"10":[1,2],"11":[1,1]},"_coverageSchema":"1a1c01bbd47fc00a2c39e90264f33305004495a9","hash":"e4ce850b84bbd77ec48bbf2fd81ccad522d507aa"}
,"C:\\Users\\JaySabva\\Desktop\\Common_Ground\\BackEnd\\api\\controllers\\course.js": {"path":"C:\\Users\\JaySabva\\Desktop\\Common_Ground\\BackEnd\\api\\controllers\\course.js","statementMap":{"0":{"start":{"line":1,"column":17},"end":{"line":1,"column":36}},"1":{"start":{"line":2,"column":12},"end":{"line":2,"column":35}},"2":{"start":{"line":3,"column":15},"end":{"line":3,"column":32}},"3":{"start":{"line":4,"column":11},"end":{"line":4,"column":24}},"4":{"start":{"line":5,"column":13},"end":{"line":5,"column":28}},"5":{"start":{"line":6,"column":15},"end":{"line":6,"column":32}},"6":{"start":{"line":7,"column":20},"end":{"line":7,"column":37}},"7":{"start":{"line":9,"column":15},"end":{"line":9,"column":42}},"8":{"start":{"line":10,"column":14},"end":{"line":10,"column":40}},"9":{"start":{"line":11,"column":17},"end":{"line":11,"column":46}},"10":{"start":{"line":12,"column":16},"end":{"line":12,"column":44}},"11":{"start":{"line":13,"column":19},"end":{"line":13,"column":50}},"12":{"start":{"line":14,"column":19},"end":{"line":14,"column":50}},"13":{"start":{"line":15,"column":16},"end":{"line":15,"column":44}},"14":{"start":{"line":16,"column":20},"end":{"line":16,"column":52}},"15":{"start":{"line":17,"column":19},"end":{"line":17,"column":50}},"16":{"start":{"line":19,"column":18},"end":{"line":19,"column":50}},"17":{"start":{"line":20,"column":35},"end":{"line":20,"column":68}},"18":{"start":{"line":23,"column":0},"end":{"line":87,"column":1}},"19":{"start":{"line":24,"column":4},"end":{"line":86,"column":5}},"20":{"start":{"line":25,"column":8},"end":{"line":29,"column":9}},"21":{"start":{"line":26,"column":12},"end":{"line":28,"column":15}},"22":{"start":{"line":30,"column":24},"end":{"line":30,"column":28}},"23":{"start":{"line":31,"column":8},"end":{"line":33,"column":9}},"24":{"start":{"line":32,"column":12},"end":{"line":32,"column":38}},"25":{"start":{"line":35,"column":23},"end":{"line":35,"column":85}},"26":{"start":{"line":36,"column":8},"end":{"line":40,"column":9}},"27":{"start":{"line":37,"column":12},"end":{"line":39,"column":15}},"28":{"start":{"line":42,"column":26},"end":{"line":55,"column":10}},"29":{"start":{"line":57,"column":8},"end":{"line":57,"column":31}},"30":{"start":{"line":60,"column":8},"end":{"line":66,"column":9}},"31":{"start":{"line":61,"column":34},"end":{"line":63,"column":14}},"32":{"start":{"line":64,"column":12},"end":{"line":64,"column":39}},"33":{"start":{"line":65,"column":12},"end":{"line":65,"column":45}},"34":{"start":{"line":67,"column":8},"end":{"line":67,"column":49}},"35":{"start":{"line":69,"column":8},"end":{"line":69,"column":31}},"36":{"start":{"line":71,"column":25},"end":{"line":71,"column":76}},"37":{"start":{"line":72,"column":8},"end":{"line":72,"column":51}},"38":{"start":{"line":73,"column":8},"end":{"line":73,"column":30}},"39":{"start":{"line":75,"column":8},"end":{"line":78,"column":11}},"40":{"start":{"line":81,"column":8},"end":{"line":81,"column":25}},"41":{"start":{"line":83,"column":8},"end":{"line":85,"column":11}},"42":{"start":{"line":89,"column":0},"end":{"line":147,"column":1}},"43":{"start":{"line":90,"column":4},"end":{"line":146,"column":5}},"44":{"start":{"line":91,"column":25},"end":{"line":91,"column":44}},"45":{"start":{"line":92,"column":23},"end":{"line":92,"column":61}},"46":{"start":{"line":94,"column":8},"end":{"line":98,"column":9}},"47":{"start":{"line":95,"column":12},"end":{"line":97,"column":15}},"48":{"start":{"line":100,"column":8},"end":{"line":104,"column":9}},"49":{"start":{"line":101,"column":12},"end":{"line":103,"column":15}},"50":{"start":{"line":106,"column":27},"end":{"line":106,"column":43}},"51":{"start":{"line":107,"column":30},"end":{"line":107,"column":78}},"52":{"start":{"line":108,"column":24},"end":{"line":108,"column":85}},"53":{"start":{"line":110,"column":8},"end":{"line":114,"column":9}},"54":{"start":{"line":111,"column":12},"end":{"line":111,"column":71}},"55":{"start":{"line":112,"column":12},"end":{"line":112,"column":37}},"56":{"start":{"line":113,"column":12},"end":{"line":113,"column":47}},"57":{"start":{"line":116,"column":27},"end":{"line":116,"column":35}},"58":{"start":{"line":118,"column":25},"end":{"line":118,"column":46}},"59":{"start":{"line":119,"column":8},"end":{"line":132,"column":9}},"60":{"start":{"line":119,"column":21},"end":{"line":119,"column":22}},"61":{"start":{"line":120,"column":28},"end":{"line":120,"column":70}},"62":{"start":{"line":121,"column":12},"end":{"line":131,"column":13}},"63":{"start":{"line":122,"column":16},"end":{"line":129,"column":17}},"64":{"start":{"line":122,"column":29},"end":{"line":122,"column":30}},"65":{"start":{"line":123,"column":20},"end":{"line":128,"column":21}},"66":{"start":{"line":123,"column":33},"end":{"line":123,"column":34}},"67":{"start":{"line":124,"column":39},"end":{"line":124,"column":70}},"68":{"start":{"line":125,"column":24},"end":{"line":125,"column":94}},"69":{"start":{"line":126,"column":24},"end":{"line":126,"column":46}},"70":{"start":{"line":127,"column":24},"end":{"line":127,"column":67}},"71":{"start":{"line":130,"column":16},"end":{"line":130,"column":37}},"72":{"start":{"line":133,"column":8},"end":{"line":133,"column":28}},"73":{"start":{"line":134,"column":8},"end":{"line":134,"column":75}},"74":{"start":{"line":136,"column":8},"end":{"line":138,"column":11}},"75":{"start":{"line":141,"column":8},"end":{"line":141,"column":25}},"76":{"start":{"line":143,"column":8},"end":{"line":145,"column":11}},"77":{"start":{"line":149,"column":0},"end":{"line":239,"column":1}},"78":{"start":{"line":150,"column":4},"end":{"line":238,"column":5}},"79":{"start":{"line":151,"column":25},"end":{"line":151,"column":44}},"80":{"start":{"line":152,"column":23},"end":{"line":152,"column":67}},"81":{"start":{"line":154,"column":8},"end":{"line":158,"column":9}},"82":{"start":{"line":155,"column":12},"end":{"line":157,"column":15}},"83":{"start":{"line":160,"column":8},"end":{"line":164,"column":9}},"84":{"start":{"line":161,"column":12},"end":{"line":163,"column":15}},"85":{"start":{"line":166,"column":20},"end":{"line":166,"column":70}},"86":{"start":{"line":167,"column":8},"end":{"line":173,"column":9}},"87":{"start":{"line":168,"column":12},"end":{"line":171,"column":15}},"88":{"start":{"line":172,"column":12},"end":{"line":172,"column":31}},"89":{"start":{"line":175,"column":21},"end":{"line":175,"column":79}},"90":{"start":{"line":177,"column":8},"end":{"line":181,"column":9}},"91":{"start":{"line":178,"column":12},"end":{"line":180,"column":15}},"92":{"start":{"line":183,"column":24},"end":{"line":183,"column":93}},"93":{"start":{"line":185,"column":21},"end":{"line":226,"column":13}},"94":{"start":{"line":228,"column":8},"end":{"line":228,"column":59}},"95":{"start":{"line":230,"column":8},"end":{"line":232,"column":11}},"96":{"start":{"line":235,"column":8},"end":{"line":237,"column":11}},"97":{"start":{"line":241,"column":0},"end":{"line":302,"column":1}},"98":{"start":{"line":242,"column":4},"end":{"line":301,"column":5}},"99":{"start":{"line":243,"column":25},"end":{"line":243,"column":44}},"100":{"start":{"line":244,"column":23},"end":{"line":244,"column":61}},"101":{"start":{"line":246,"column":8},"end":{"line":250,"column":9}},"102":{"start":{"line":247,"column":12},"end":{"line":249,"column":15}},"103":{"start":{"line":252,"column":22},"end":{"line":252,"column":75}},"104":{"start":{"line":253,"column":8},"end":{"line":257,"column":9}},"105":{"start":{"line":254,"column":12},"end":{"line":256,"column":15}},"106":{"start":{"line":259,"column":8},"end":{"line":259,"column":64}},"107":{"start":{"line":261,"column":8},"end":{"line":263,"column":9}},"108":{"start":{"line":262,"column":12},"end":{"line":262,"column":77}},"109":{"start":{"line":265,"column":27},"end":{"line":265,"column":88}},"110":{"start":{"line":267,"column":8},"end":{"line":269,"column":9}},"111":{"start":{"line":268,"column":12},"end":{"line":268,"column":37}},"112":{"start":{"line":271,"column":28},"end":{"line":271,"column":52}},"113":{"start":{"line":272,"column":8},"end":{"line":272,"column":70}},"114":{"start":{"line":274,"column":25},"end":{"line":274,"column":46}},"115":{"start":{"line":275,"column":8},"end":{"line":275,"column":64}},"116":{"start":{"line":277,"column":8},"end":{"line":277,"column":73}},"117":{"start":{"line":279,"column":25},"end":{"line":279,"column":48}},"118":{"start":{"line":280,"column":8},"end":{"line":284,"column":9}},"119":{"start":{"line":280,"column":21},"end":{"line":280,"column":22}},"120":{"start":{"line":281,"column":28},"end":{"line":281,"column":70}},"121":{"start":{"line":282,"column":12},"end":{"line":282,"column":51}},"122":{"start":{"line":283,"column":12},"end":{"line":283,"column":33}},"123":{"start":{"line":286,"column":25},"end":{"line":286,"column":76}},"124":{"start":{"line":287,"column":8},"end":{"line":287,"column":57}},"125":{"start":{"line":288,"column":8},"end":{"line":288,"column":30}},"126":{"start":{"line":290,"column":8},"end":{"line":290,"column":55}},"127":{"start":{"line":292,"column":8},"end":{"line":294,"column":11}},"128":{"start":{"line":297,"column":8},"end":{"line":297,"column":25}},"129":{"start":{"line":298,"column":8},"end":{"line":300,"column":11}},"130":{"start":{"line":303,"column":0},"end":{"line":341,"column":1}},"131":{"start":{"line":304,"column":4},"end":{"line":340,"column":5}},"132":{"start":{"line":305,"column":23},"end":{"line":305,"column":72}},"133":{"start":{"line":307,"column":8},"end":{"line":311,"column":9}},"134":{"start":{"line":308,"column":12},"end":{"line":310,"column":15}},"135":{"start":{"line":312,"column":8},"end":{"line":316,"column":9}},"136":{"start":{"line":313,"column":12},"end":{"line":315,"column":15}},"137":{"start":{"line":318,"column":8},"end":{"line":322,"column":9}},"138":{"start":{"line":319,"column":12},"end":{"line":321,"column":15}},"139":{"start":{"line":324,"column":8},"end":{"line":324,"column":58}},"140":{"start":{"line":326,"column":24},"end":{"line":326,"column":74}},"141":{"start":{"line":327,"column":8},"end":{"line":327,"column":58}},"142":{"start":{"line":329,"column":8},"end":{"line":329,"column":28}},"143":{"start":{"line":330,"column":8},"end":{"line":330,"column":29}},"144":{"start":{"line":332,"column":8},"end":{"line":334,"column":11}},"145":{"start":{"line":336,"column":8},"end":{"line":336,"column":25}},"146":{"start":{"line":337,"column":8},"end":{"line":339,"column":11}},"147":{"start":{"line":343,"column":0},"end":{"line":369,"column":2}},"148":{"start":{"line":344,"column":4},"end":{"line":368,"column":5}},"149":{"start":{"line":345,"column":23},"end":{"line":345,"column":72}},"150":{"start":{"line":347,"column":8},"end":{"line":351,"column":9}},"151":{"start":{"line":348,"column":12},"end":{"line":350,"column":15}},"152":{"start":{"line":353,"column":24},"end":{"line":353,"column":74}},"153":{"start":{"line":354,"column":8},"end":{"line":354,"column":58}},"154":{"start":{"line":355,"column":8},"end":{"line":355,"column":58}},"155":{"start":{"line":357,"column":8},"end":{"line":357,"column":28}},"156":{"start":{"line":358,"column":8},"end":{"line":358,"column":29}},"157":{"start":{"line":360,"column":8},"end":{"line":362,"column":11}},"158":{"start":{"line":364,"column":8},"end":{"line":364,"column":25}},"159":{"start":{"line":365,"column":8},"end":{"line":367,"column":11}},"160":{"start":{"line":371,"column":0},"end":{"line":397,"column":1}},"161":{"start":{"line":372,"column":4},"end":{"line":396,"column":5}},"162":{"start":{"line":373,"column":23},"end":{"line":373,"column":72}},"163":{"start":{"line":375,"column":8},"end":{"line":379,"column":9}},"164":{"start":{"line":376,"column":12},"end":{"line":378,"column":15}},"165":{"start":{"line":381,"column":24},"end":{"line":381,"column":75}},"166":{"start":{"line":382,"column":8},"end":{"line":382,"column":58}},"167":{"start":{"line":383,"column":8},"end":{"line":383,"column":59}},"168":{"start":{"line":385,"column":8},"end":{"line":385,"column":28}},"169":{"start":{"line":386,"column":8},"end":{"line":386,"column":29}},"170":{"start":{"line":388,"column":8},"end":{"line":390,"column":11}},"171":{"start":{"line":392,"column":8},"end":{"line":392,"column":25}},"172":{"start":{"line":393,"column":8},"end":{"line":395,"column":11}},"173":{"start":{"line":399,"column":0},"end":{"line":435,"column":1}},"174":{"start":{"line":400,"column":4},"end":{"line":434,"column":5}},"175":{"start":{"line":401,"column":20},"end":{"line":401,"column":147}},"176":{"start":{"line":402,"column":8},"end":{"line":406,"column":9}},"177":{"start":{"line":403,"column":12},"end":{"line":405,"column":15}},"178":{"start":{"line":408,"column":23},"end":{"line":408,"column":72}},"179":{"start":{"line":409,"column":8},"end":{"line":413,"column":9}},"180":{"start":{"line":410,"column":12},"end":{"line":412,"column":15}},"181":{"start":{"line":415,"column":8},"end":{"line":425,"column":9}},"182":{"start":{"line":416,"column":29},"end":{"line":420,"column":13}},"183":{"start":{"line":422,"column":12},"end":{"line":422,"column":99}},"184":{"start":{"line":423,"column":12},"end":{"line":423,"column":49}},"185":{"start":{"line":424,"column":12},"end":{"line":424,"column":32}},"186":{"start":{"line":426,"column":8},"end":{"line":428,"column":11}},"187":{"start":{"line":431,"column":8},"end":{"line":433,"column":11}},"188":{"start":{"line":437,"column":0},"end":{"line":570,"column":1}},"189":{"start":{"line":438,"column":4},"end":{"line":569,"column":5}},"190":{"start":{"line":439,"column":23},"end":{"line":439,"column":72}},"191":{"start":{"line":440,"column":8},"end":{"line":444,"column":9}},"192":{"start":{"line":441,"column":12},"end":{"line":443,"column":15}},"193":{"start":{"line":446,"column":25},"end":{"line":446,"column":73}},"194":{"start":{"line":447,"column":8},"end":{"line":451,"column":9}},"195":{"start":{"line":448,"column":12},"end":{"line":450,"column":15}},"196":{"start":{"line":453,"column":24},"end":{"line":453,"column":74}},"197":{"start":{"line":454,"column":8},"end":{"line":458,"column":9}},"198":{"start":{"line":455,"column":12},"end":{"line":457,"column":15}},"199":{"start":{"line":460,"column":26},"end":{"line":460,"column":119}},"200":{"start":{"line":461,"column":8},"end":{"line":488,"column":9}},"201":{"start":{"line":462,"column":32},"end":{"line":470,"column":23}},"202":{"start":{"line":472,"column":38},"end":{"line":472,"column":62}},"203":{"start":{"line":473,"column":12},"end":{"line":477,"column":13}},"204":{"start":{"line":474,"column":16},"end":{"line":476,"column":19}},"205":{"start":{"line":479,"column":12},"end":{"line":479,"column":49}},"206":{"start":{"line":480,"column":12},"end":{"line":484,"column":15}},"207":{"start":{"line":485,"column":12},"end":{"line":485,"column":37}},"208":{"start":{"line":486,"column":12},"end":{"line":486,"column":61}},"209":{"start":{"line":487,"column":12},"end":{"line":487,"column":33}},"210":{"start":{"line":490,"column":28},"end":{"line":490,"column":51}},"211":{"start":{"line":491,"column":20},"end":{"line":491,"column":69}},"212":{"start":{"line":492,"column":22},"end":{"line":492,"column":78}},"213":{"start":{"line":493,"column":21},"end":{"line":493,"column":46}},"214":{"start":{"line":495,"column":30},"end":{"line":495,"column":55}},"215":{"start":{"line":497,"column":22},"end":{"line":497,"column":83}},"216":{"start":{"line":499,"column":8},"end":{"line":499,"column":57}},"217":{"start":{"line":500,"column":8},"end":{"line":503,"column":10}},"218":{"start":{"line":506,"column":20},"end":{"line":509,"column":10}},"219":{"start":{"line":512,"column":8},"end":{"line":512,"column":22}},"220":{"start":{"line":514,"column":27},"end":{"line":514,"column":30}},"221":{"start":{"line":515,"column":28},"end":{"line":515,"column":31}},"222":{"start":{"line":516,"column":18},"end":{"line":516,"column":19}},"223":{"start":{"line":517,"column":18},"end":{"line":517,"column":19}},"224":{"start":{"line":519,"column":25},"end":{"line":519,"column":96}},"225":{"start":{"line":520,"column":26},"end":{"line":520,"column":80}},"226":{"start":{"line":522,"column":26},"end":{"line":522,"column":91}},"227":{"start":{"line":523,"column":8},"end":{"line":523,"column":79}},"228":{"start":{"line":525,"column":12},"end":{"line":528,"column":82}},"229":{"start":{"line":531,"column":19},"end":{"line":531,"column":22}},"230":{"start":{"line":532,"column":8},"end":{"line":532,"column":71}},"231":{"start":{"line":533,"column":8},"end":{"line":533,"column":76}},"232":{"start":{"line":535,"column":8},"end":{"line":535,"column":89}},"233":{"start":{"line":536,"column":8},"end":{"line":536,"column":79}},"234":{"start":{"line":538,"column":8},"end":{"line":538,"column":81}},"235":{"start":{"line":539,"column":8},"end":{"line":539,"column":86}},"236":{"start":{"line":541,"column":8},"end":{"line":541,"column":108}},"237":{"start":{"line":542,"column":8},"end":{"line":542,"column":114}},"238":{"start":{"line":544,"column":8},"end":{"line":544,"column":177}},"239":{"start":{"line":545,"column":8},"end":{"line":545,"column":182}},"240":{"start":{"line":547,"column":8},"end":{"line":547,"column":101}},"241":{"start":{"line":548,"column":8},"end":{"line":548,"column":125}},"242":{"start":{"line":550,"column":8},"end":{"line":550,"column":104}},"243":{"start":{"line":552,"column":8},"end":{"line":555,"column":85}},"244":{"start":{"line":557,"column":8},"end":{"line":560,"column":146}},"245":{"start":{"line":562,"column":8},"end":{"line":562,"column":18}},"246":{"start":{"line":565,"column":8},"end":{"line":565,"column":25}},"247":{"start":{"line":566,"column":8},"end":{"line":568,"column":11}}},"fnMap":{"0":{"name":"(anonymous_0)","decl":{"start":{"line":23,"column":23},"end":{"line":23,"column":24}},"loc":{"start":{"line":23,"column":49},"end":{"line":87,"column":1}},"line":23},"1":{"name":"(anonymous_1)","decl":{"start":{"line":89,"column":21},"end":{"line":89,"column":22}},"loc":{"start":{"line":89,"column":47},"end":{"line":147,"column":1}},"line":89},"2":{"name":"(anonymous_2)","decl":{"start":{"line":149,"column":23},"end":{"line":149,"column":24}},"loc":{"start":{"line":149,"column":49},"end":{"line":239,"column":1}},"line":149},"3":{"name":"(anonymous_3)","decl":{"start":{"line":241,"column":28},"end":{"line":241,"column":29}},"loc":{"start":{"line":241,"column":54},"end":{"line":302,"column":1}},"line":241},"4":{"name":"(anonymous_4)","decl":{"start":{"line":303,"column":23},"end":{"line":303,"column":24}},"loc":{"start":{"line":303,"column":49},"end":{"line":341,"column":1}},"line":303},"5":{"name":"(anonymous_5)","decl":{"start":{"line":343,"column":25},"end":{"line":343,"column":26}},"loc":{"start":{"line":343,"column":51},"end":{"line":369,"column":1}},"line":343},"6":{"name":"(anonymous_6)","decl":{"start":{"line":371,"column":24},"end":{"line":371,"column":25}},"loc":{"start":{"line":371,"column":50},"end":{"line":397,"column":1}},"line":371},"7":{"name":"(anonymous_7)","decl":{"start":{"line":399,"column":21},"end":{"line":399,"column":22}},"loc":{"start":{"line":399,"column":47},"end":{"line":435,"column":1}},"line":399},"8":{"name":"(anonymous_8)","decl":{"start":{"line":437,"column":25},"end":{"line":437,"column":26}},"loc":{"start":{"line":437,"column":51},"end":{"line":570,"column":1}},"line":437},"9":{"name":"addWrappedText","decl":{"start":{"line":524,"column":17},"end":{"line":524,"column":31}},"loc":{"start":{"line":524,"column":80},"end":{"line":529,"column":9}},"line":524}},"branchMap":{"0":{"loc":{"start":{"line":25,"column":8},"end":{"line":29,"column":9}},"type":"if","locations":[{"start":{"line":25,"column":8},"end":{"line":29,"column":9}},{"start":{},"end":{}}],"line":25},"1":{"loc":{"start":{"line":31,"column":8},"end":{"line":33,"column":9}},"type":"if","locations":[{"start":{"line":31,"column":8},"end":{"line":33,"column":9}},{"start":{},"end":{}}],"line":31},"2":{"loc":{"start":{"line":36,"column":8},"end":{"line":40,"column":9}},"type":"if","locations":[{"start":{"line":36,"column":8},"end":{"line":40,"column":9}},{"start":{},"end":{}}],"line":36},"3":{"loc":{"start":{"line":60,"column":8},"end":{"line":66,"column":9}},"type":"if","locations":[{"start":{"line":60,"column":8},"end":{"line":66,"column":9}},{"start":{},"end":{}}],"line":60},"4":{"loc":{"start":{"line":94,"column":8},"end":{"line":98,"column":9}},"type":"if","locations":[{"start":{"line":94,"column":8},"end":{"line":98,"column":9}},{"start":{},"end":{}}],"line":94},"5":{"loc":{"start":{"line":100,"column":8},"end":{"line":104,"column":9}},"type":"if","locations":[{"start":{"line":100,"column":8},"end":{"line":104,"column":9}},{"start":{},"end":{}}],"line":100},"6":{"loc":{"start":{"line":110,"column":8},"end":{"line":114,"column":9}},"type":"if","locations":[{"start":{"line":110,"column":8},"end":{"line":114,"column":9}},{"start":{},"end":{}}],"line":110},"7":{"loc":{"start":{"line":110,"column":12},"end":{"line":110,"column":90}},"type":"binary-expr","locations":[{"start":{"line":110,"column":12},"end":{"line":110,"column":20}},{"start":{"line":110,"column":24},"end":{"line":110,"column":44}},{"start":{"line":110,"column":48},"end":{"line":110,"column":90}}],"line":110},"8":{"loc":{"start":{"line":121,"column":12},"end":{"line":131,"column":13}},"type":"if","locations":[{"start":{"line":121,"column":12},"end":{"line":131,"column":13}},{"start":{},"end":{}}],"line":121},"9":{"loc":{"start":{"line":154,"column":8},"end":{"line":158,"column":9}},"type":"if","locations":[{"start":{"line":154,"column":8},"end":{"line":158,"column":9}},{"start":{},"end":{}}],"line":154},"10":{"loc":{"start":{"line":160,"column":8},"end":{"line":164,"column":9}},"type":"if","locations":[{"start":{"line":160,"column":8},"end":{"line":164,"column":9}},{"start":{},"end":{}}],"line":160},"11":{"loc":{"start":{"line":167,"column":8},"end":{"line":173,"column":9}},"type":"if","locations":[{"start":{"line":167,"column":8},"end":{"line":173,"column":9}},{"start":{},"end":{}}],"line":167},"12":{"loc":{"start":{"line":177,"column":8},"end":{"line":181,"column":9}},"type":"if","locations":[{"start":{"line":177,"column":8},"end":{"line":181,"column":9}},{"start":{},"end":{}}],"line":177},"13":{"loc":{"start":{"line":246,"column":8},"end":{"line":250,"column":9}},"type":"if","locations":[{"start":{"line":246,"column":8},"end":{"line":250,"column":9}},{"start":{},"end":{}}],"line":246},"14":{"loc":{"start":{"line":253,"column":8},"end":{"line":257,"column":9}},"type":"if","locations":[{"start":{"line":253,"column":8},"end":{"line":257,"column":9}},{"start":{},"end":{}}],"line":253},"15":{"loc":{"start":{"line":261,"column":8},"end":{"line":263,"column":9}},"type":"if","locations":[{"start":{"line":261,"column":8},"end":{"line":263,"column":9}},{"start":{},"end":{}}],"line":261},"16":{"loc":{"start":{"line":267,"column":8},"end":{"line":269,"column":9}},"type":"if","locations":[{"start":{"line":267,"column":8},"end":{"line":269,"column":9}},{"start":{},"end":{}}],"line":267},"17":{"loc":{"start":{"line":307,"column":8},"end":{"line":311,"column":9}},"type":"if","locations":[{"start":{"line":307,"column":8},"end":{"line":311,"column":9}},{"start":{},"end":{}}],"line":307},"18":{"loc":{"start":{"line":312,"column":8},"end":{"line":316,"column":9}},"type":"if","locations":[{"start":{"line":312,"column":8},"end":{"line":316,"column":9}},{"start":{},"end":{}}],"line":312},"19":{"loc":{"start":{"line":318,"column":8},"end":{"line":322,"column":9}},"type":"if","locations":[{"start":{"line":318,"column":8},"end":{"line":322,"column":9}},{"start":{},"end":{}}],"line":318},"20":{"loc":{"start":{"line":347,"column":8},"end":{"line":351,"column":9}},"type":"if","locations":[{"start":{"line":347,"column":8},"end":{"line":351,"column":9}},{"start":{},"end":{}}],"line":347},"21":{"loc":{"start":{"line":375,"column":8},"end":{"line":379,"column":9}},"type":"if","locations":[{"start":{"line":375,"column":8},"end":{"line":379,"column":9}},{"start":{},"end":{}}],"line":375},"22":{"loc":{"start":{"line":402,"column":8},"end":{"line":406,"column":9}},"type":"if","locations":[{"start":{"line":402,"column":8},"end":{"line":406,"column":9}},{"start":{},"end":{}}],"line":402},"23":{"loc":{"start":{"line":409,"column":8},"end":{"line":413,"column":9}},"type":"if","locations":[{"start":{"line":409,"column":8},"end":{"line":413,"column":9}},{"start":{},"end":{}}],"line":409},"24":{"loc":{"start":{"line":415,"column":8},"end":{"line":425,"column":9}},"type":"if","locations":[{"start":{"line":415,"column":8},"end":{"line":425,"column":9}},{"start":{},"end":{}}],"line":415},"25":{"loc":{"start":{"line":440,"column":8},"end":{"line":444,"column":9}},"type":"if","locations":[{"start":{"line":440,"column":8},"end":{"line":444,"column":9}},{"start":{},"end":{}}],"line":440},"26":{"loc":{"start":{"line":447,"column":8},"end":{"line":451,"column":9}},"type":"if","locations":[{"start":{"line":447,"column":8},"end":{"line":451,"column":9}},{"start":{},"end":{}}],"line":447},"27":{"loc":{"start":{"line":454,"column":8},"end":{"line":458,"column":9}},"type":"if","locations":[{"start":{"line":454,"column":8},"end":{"line":458,"column":9}},{"start":{},"end":{}}],"line":454},"28":{"loc":{"start":{"line":461,"column":8},"end":{"line":488,"column":9}},"type":"if","locations":[{"start":{"line":461,"column":8},"end":{"line":488,"column":9}},{"start":{},"end":{}}],"line":461},"29":{"loc":{"start":{"line":473,"column":12},"end":{"line":477,"column":13}},"type":"if","locations":[{"start":{"line":473,"column":12},"end":{"line":477,"column":13}},{"start":{},"end":{}}],"line":473}},"s":{"0":1,"1":1,"2":1,"3":1,"4":1,"5":1,"6":1,"7":1,"8":1,"9":1,"10":1,"11":1,"12":1,"13":1,"14":1,"15":1,"16":1,"17":1,"18":1,"19":3,"20":3,"21":1,"22":2,"23":2,"24":1,"25":2,"26":2,"27":1,"28":1,"29":1,"30":1,"31":1,"32":1,"33":1,"34":1,"35":1,"36":1,"37":1,"38":1,"39":1,"40":0,"41":0,"42":1,"43":4,"44":4,"45":4,"46":4,"47":2,"48":2,"49":1,"50":1,"51":1,"52":1,"53":1,"54":1,"55":1,"56":1,"57":1,"58":1,"59":1,"60":1,"61":0,"62":0,"63":0,"64":0,"65":0,"66":0,"67":0,"68":0,"69":0,"70":0,"71":0,"72":1,"73":1,"74":1,"75":0,"76":0,"77":1,"78":2,"79":2,"80":2,"81":2,"82":0,"83":2,"84":1,"85":1,"86":1,"87":0,"88":0,"89":1,"90":1,"91":0,"92":1,"93":1,"94":1,"95":1,"96":0,"97":1,"98":0,"99":0,"100":0,"101":0,"102":0,"103":0,"104":0,"105":0,"106":0,"107":0,"108":0,"109":0,"110":0,"111":0,"112":0,"113":0,"114":0,"115":0,"116":0,"117":0,"118":0,"119":0,"120":0,"121":0,"122":0,"123":0,"124":0,"125":0,"126":0,"127":0,"128":0,"129":0,"130":1,"131":7,"132":7,"133":7,"134":2,"135":5,"136":0,"137":5,"138":3,"139":2,"140":2,"141":2,"142":2,"143":2,"144":2,"145":0,"146":0,"147":1,"148":0,"149":0,"150":0,"151":0,"152":0,"153":0,"154":0,"155":0,"156":0,"157":0,"158":0,"159":0,"160":1,"161":2,"162":2,"163":2,"164":1,"165":1,"166":1,"167":1,"168":1,"169":1,"170":1,"171":0,"172":0,"173":1,"174":2,"175":2,"176":2,"177":1,"178":1,"179":1,"180":0,"181":1,"182":1,"183":1,"184":1,"185":1,"186":1,"187":0,"188":1,"189":0,"190":0,"191":0,"192":0,"193":0,"194":0,"195":0,"196":0,"197":0,"198":0,"199":0,"200":0,"201":0,"202":0,"203":0,"204":0,"205":0,"206":0,"207":0,"208":0,"209":0,"210":0,"211":0,"212":0,"213":0,"214":0,"215":0,"216":0,"217":0,"218":0,"219":0,"220":0,"221":0,"222":0,"223":0,"224":0,"225":0,"226":0,"227":0,"228":0,"229":0,"230":0,"231":0,"232":0,"233":0,"234":0,"235":0,"236":0,"237":0,"238":0,"239":0,"240":0,"241":0,"242":0,"243":0,"244":0,"245":0,"246":0,"247":0},"f":{"0":3,"1":4,"2":2,"3":0,"4":7,"5":0,"6":2,"7":2,"8":0,"9":0},"b":{"0":[1,2],"1":[1,1],"2":[1,1],"3":[1,0],"4":[2,2],"5":[1,1],"6":[1,0],"7":[1,1,1],"8":[0,0],"9":[0,2],"10":[1,1],"11":[0,1],"12":[0,1],"13":[0,0],"14":[0,0],"15":[0,0],"16":[0,0],"17":[2,5],"18":[0,5],"19":[3,2],"20":[0,0],"21":[1,1],"22":[1,1],"23":[0,1],"24":[1,0],"25":[0,0],"26":[0,0],"27":[0,0],"28":[0,0],"29":[0,0]},"_coverageSchema":"1a1c01bbd47fc00a2c39e90264f33305004495a9","hash":"b83f5463619a976b790b0a07ba4d613954cb20fe"}
,"C:\\Users\\JaySabva\\Desktop\\Common_Ground\\BackEnd\\api\\controllers\\discussion.js": {"path":"C:\\Users\\JaySabva\\Desktop\\Common_Ground\\BackEnd\\api\\controllers\\discussion.js","statementMap":{"0":{"start":{"line":1,"column":17},"end":{"line":1,"column":36}},"1":{"start":{"line":3,"column":19},"end":{"line":3,"column":50}},"2":{"start":{"line":4,"column":16},"end":{"line":4,"column":44}},"3":{"start":{"line":5,"column":17},"end":{"line":5,"column":46}},"4":{"start":{"line":6,"column":15},"end":{"line":6,"column":42}},"5":{"start":{"line":9,"column":0},"end":{"line":60,"column":2}},"6":{"start":{"line":10,"column":4},"end":{"line":59,"column":5}},"7":{"start":{"line":12,"column":8},"end":{"line":29,"column":9}},"8":{"start":{"line":13,"column":12},"end":{"line":16,"column":13}},"9":{"start":{"line":19,"column":27},"end":{"line":19,"column":76}},"10":{"start":{"line":20,"column":12},"end":{"line":24,"column":13}},"11":{"start":{"line":21,"column":16},"end":{"line":23,"column":19}},"12":{"start":{"line":25,"column":12},"end":{"line":28,"column":13}},"13":{"start":{"line":31,"column":23},"end":{"line":31,"column":72}},"14":{"start":{"line":33,"column":8},"end":{"line":37,"column":9}},"15":{"start":{"line":34,"column":12},"end":{"line":36,"column":15}},"16":{"start":{"line":39,"column":8},"end":{"line":43,"column":9}},"17":{"start":{"line":40,"column":12},"end":{"line":42,"column":15}},"18":{"start":{"line":45,"column":29},"end":{"line":45,"column":51}},"19":{"start":{"line":46,"column":27},"end":{"line":46,"column":73}},"20":{"start":{"line":48,"column":8},"end":{"line":48,"column":42}},"21":{"start":{"line":49,"column":8},"end":{"line":49,"column":32}},"22":{"start":{"line":51,"column":8},"end":{"line":53,"column":11}},"23":{"start":{"line":55,"column":8},"end":{"line":55,"column":25}},"24":{"start":{"line":56,"column":8},"end":{"line":58,"column":11}},"25":{"start":{"line":62,"column":0},"end":{"line":116,"column":2}},"26":{"start":{"line":63,"column":4},"end":{"line":115,"column":5}},"27":{"start":{"line":64,"column":23},"end":{"line":64,"column":72}},"28":{"start":{"line":66,"column":8},"end":{"line":70,"column":9}},"29":{"start":{"line":67,"column":12},"end":{"line":69,"column":15}},"30":{"start":{"line":72,"column":8},"end":{"line":76,"column":9}},"31":{"start":{"line":73,"column":12},"end":{"line":75,"column":15}},"32":{"start":{"line":78,"column":29},"end":{"line":78,"column":51}},"33":{"start":{"line":79,"column":27},"end":{"line":79,"column":73}},"34":{"start":{"line":81,"column":24},"end":{"line":81,"column":68}},"35":{"start":{"line":83,"column":8},"end":{"line":87,"column":9}},"36":{"start":{"line":84,"column":12},"end":{"line":86,"column":15}},"37":{"start":{"line":89,"column":8},"end":{"line":95,"column":9}},"38":{"start":{"line":90,"column":12},"end":{"line":94,"column":13}},"39":{"start":{"line":91,"column":16},"end":{"line":93,"column":19}},"40":{"start":{"line":96,"column":8},"end":{"line":102,"column":9}},"41":{"start":{"line":97,"column":12},"end":{"line":101,"column":13}},"42":{"start":{"line":98,"column":16},"end":{"line":100,"column":19}},"43":{"start":{"line":104,"column":8},"end":{"line":104,"column":43}},"44":{"start":{"line":105,"column":8},"end":{"line":105,"column":32}},"45":{"start":{"line":107,"column":8},"end":{"line":109,"column":11}},"46":{"start":{"line":111,"column":8},"end":{"line":111,"column":25}},"47":{"start":{"line":112,"column":8},"end":{"line":114,"column":11}},"48":{"start":{"line":118,"column":0},"end":{"line":172,"column":2}},"49":{"start":{"line":119,"column":4},"end":{"line":171,"column":5}},"50":{"start":{"line":120,"column":23},"end":{"line":120,"column":72}},"51":{"start":{"line":122,"column":8},"end":{"line":126,"column":9}},"52":{"start":{"line":123,"column":12},"end":{"line":125,"column":15}},"53":{"start":{"line":128,"column":8},"end":{"line":132,"column":9}},"54":{"start":{"line":129,"column":12},"end":{"line":131,"column":15}},"55":{"start":{"line":134,"column":29},"end":{"line":134,"column":51}},"56":{"start":{"line":135,"column":27},"end":{"line":135,"column":73}},"57":{"start":{"line":137,"column":24},"end":{"line":137,"column":68}},"58":{"start":{"line":139,"column":8},"end":{"line":143,"column":9}},"59":{"start":{"line":140,"column":12},"end":{"line":142,"column":15}},"60":{"start":{"line":145,"column":8},"end":{"line":151,"column":9}},"61":{"start":{"line":146,"column":12},"end":{"line":150,"column":13}},"62":{"start":{"line":147,"column":16},"end":{"line":149,"column":19}},"63":{"start":{"line":152,"column":8},"end":{"line":158,"column":9}},"64":{"start":{"line":153,"column":12},"end":{"line":157,"column":13}},"65":{"start":{"line":154,"column":16},"end":{"line":156,"column":19}},"66":{"start":{"line":160,"column":8},"end":{"line":160,"column":61}},"67":{"start":{"line":161,"column":8},"end":{"line":161,"column":32}},"68":{"start":{"line":163,"column":8},"end":{"line":165,"column":11}},"69":{"start":{"line":167,"column":8},"end":{"line":167,"column":25}},"70":{"start":{"line":168,"column":8},"end":{"line":170,"column":11}}},"fnMap":{"0":{"name":"(anonymous_0)","decl":{"start":{"line":9,"column":21},"end":{"line":9,"column":22}},"loc":{"start":{"line":9,"column":47},"end":{"line":60,"column":1}},"line":9},"1":{"name":"(anonymous_1)","decl":{"start":{"line":62,"column":22},"end":{"line":62,"column":23}},"loc":{"start":{"line":62,"column":48},"end":{"line":116,"column":1}},"line":62},"2":{"name":"(anonymous_2)","decl":{"start":{"line":118,"column":24},"end":{"line":118,"column":25}},"loc":{"start":{"line":118,"column":50},"end":{"line":172,"column":1}},"line":118}},"branchMap":{"0":{"loc":{"start":{"line":12,"column":8},"end":{"line":29,"column":9}},"type":"if","locations":[{"start":{"line":12,"column":8},"end":{"line":29,"column":9}},{"start":{"line":18,"column":13},"end":{"line":29,"column":9}}],"line":12},"1":{"loc":{"start":{"line":20,"column":12},"end":{"line":24,"column":13}},"type":"if","locations":[{"start":{"line":20,"column":12},"end":{"line":24,"column":13}},{"start":{},"end":{}}],"line":20},"2":{"loc":{"start":{"line":33,"column":8},"end":{"line":37,"column":9}},"type":"if","locations":[{"start":{"line":33,"column":8},"end":{"line":37,"column":9}},{"start":{},"end":{}}],"line":33},"3":{"loc":{"start":{"line":39,"column":8},"end":{"line":43,"column":9}},"type":"if","locations":[{"start":{"line":39,"column":8},"end":{"line":43,"column":9}},{"start":{},"end":{}}],"line":39},"4":{"loc":{"start":{"line":66,"column":8},"end":{"line":70,"column":9}},"type":"if","locations":[{"start":{"line":66,"column":8},"end":{"line":70,"column":9}},{"start":{},"end":{}}],"line":66},"5":{"loc":{"start":{"line":72,"column":8},"end":{"line":76,"column":9}},"type":"if","locations":[{"start":{"line":72,"column":8},"end":{"line":76,"column":9}},{"start":{},"end":{}}],"line":72},"6":{"loc":{"start":{"line":83,"column":8},"end":{"line":87,"column":9}},"type":"if","locations":[{"start":{"line":83,"column":8},"end":{"line":87,"column":9}},{"start":{},"end":{}}],"line":83},"7":{"loc":{"start":{"line":89,"column":8},"end":{"line":95,"column":9}},"type":"if","locations":[{"start":{"line":89,"column":8},"end":{"line":95,"column":9}},{"start":{},"end":{}}],"line":89},"8":{"loc":{"start":{"line":90,"column":12},"end":{"line":94,"column":13}},"type":"if","locations":[{"start":{"line":90,"column":12},"end":{"line":94,"column":13}},{"start":{},"end":{}}],"line":90},"9":{"loc":{"start":{"line":96,"column":8},"end":{"line":102,"column":9}},"type":"if","locations":[{"start":{"line":96,"column":8},"end":{"line":102,"column":9}},{"start":{},"end":{}}],"line":96},"10":{"loc":{"start":{"line":97,"column":12},"end":{"line":101,"column":13}},"type":"if","locations":[{"start":{"line":97,"column":12},"end":{"line":101,"column":13}},{"start":{},"end":{}}],"line":97},"11":{"loc":{"start":{"line":122,"column":8},"end":{"line":126,"column":9}},"type":"if","locations":[{"start":{"line":122,"column":8},"end":{"line":126,"column":9}},{"start":{},"end":{}}],"line":122},"12":{"loc":{"start":{"line":128,"column":8},"end":{"line":132,"column":9}},"type":"if","locations":[{"start":{"line":128,"column":8},"end":{"line":132,"column":9}},{"start":{},"end":{}}],"line":128},"13":{"loc":{"start":{"line":139,"column":8},"end":{"line":143,"column":9}},"type":"if","locations":[{"start":{"line":139,"column":8},"end":{"line":143,"column":9}},{"start":{},"end":{}}],"line":139},"14":{"loc":{"start":{"line":145,"column":8},"end":{"line":151,"column":9}},"type":"if","locations":[{"start":{"line":145,"column":8},"end":{"line":151,"column":9}},{"start":{},"end":{}}],"line":145},"15":{"loc":{"start":{"line":146,"column":12},"end":{"line":150,"column":13}},"type":"if","locations":[{"start":{"line":146,"column":12},"end":{"line":150,"column":13}},{"start":{},"end":{}}],"line":146},"16":{"loc":{"start":{"line":152,"column":8},"end":{"line":158,"column":9}},"type":"if","locations":[{"start":{"line":152,"column":8},"end":{"line":158,"column":9}},{"start":{},"end":{}}],"line":152},"17":{"loc":{"start":{"line":153,"column":12},"end":{"line":157,"column":13}},"type":"if","locations":[{"start":{"line":153,"column":12},"end":{"line":157,"column":13}},{"start":{},"end":{}}],"line":153}},"s":{"0":1,"1":1,"2":1,"3":1,"4":1,"5":1,"6":2,"7":2,"8":1,"9":1,"10":1,"11":0,"12":1,"13":2,"14":2,"15":0,"16":2,"17":0,"18":2,"19":2,"20":2,"21":2,"22":2,"23":0,"24":0,"25":1,"26":4,"27":4,"28":4,"29":0,"30":4,"31":0,"32":4,"33":4,"34":4,"35":4,"36":2,"37":2,"38":1,"39":0,"40":2,"41":1,"42":0,"43":2,"44":2,"45":2,"46":0,"47":0,"48":1,"49":2,"50":2,"51":2,"52":0,"53":2,"54":0,"55":2,"56":2,"57":2,"58":2,"59":0,"60":2,"61":1,"62":0,"63":2,"64":1,"65":0,"66":2,"67":2,"68":2,"69":0,"70":0},"f":{"0":2,"1":4,"2":2},"b":{"0":[1,1],"1":[0,1],"2":[0,2],"3":[0,2],"4":[0,4],"5":[0,4],"6":[2,2],"7":[1,1],"8":[0,1],"9":[1,1],"10":[0,1],"11":[0,2],"12":[0,2],"13":[0,2],"14":[1,1],"15":[0,1],"16":[1,1],"17":[0,1]},"_coverageSchema":"1a1c01bbd47fc00a2c39e90264f33305004495a9","hash":"48c6a4b1baca916567da96ac1224e6d8f0ecf549"}
,"C:\\Users\\JaySabva\\Desktop\\Common_Ground\\BackEnd\\api\\controllers\\educator.js": {"path":"C:\\Users\\JaySabva\\Desktop\\Common_Ground\\BackEnd\\api\\controllers\\educator.js","statementMap":{"0":{"start":{"line":1,"column":17},"end":{"line":1,"column":36}},"1":{"start":{"line":2,"column":15},"end":{"line":2,"column":32}},"2":{"start":{"line":3,"column":12},"end":{"line":3,"column":35}},"3":{"start":{"line":4,"column":15},"end":{"line":4,"column":32}},"4":{"start":{"line":5,"column":11},"end":{"line":5,"column":24}},"5":{"start":{"line":6,"column":13},"end":{"line":6,"column":28}},"6":{"start":{"line":8,"column":17},"end":{"line":8,"column":46}},"7":{"start":{"line":9,"column":16},"end":{"line":9,"column":44}},"8":{"start":{"line":10,"column":14},"end":{"line":10,"column":40}},"9":{"start":{"line":11,"column":18},"end":{"line":11,"column":50}},"10":{"start":{"line":12,"column":19},"end":{"line":12,"column":52}},"11":{"start":{"line":14,"column":0},"end":{"line":83,"column":2}},"12":{"start":{"line":15,"column":4},"end":{"line":82,"column":5}},"13":{"start":{"line":16,"column":19},"end":{"line":16,"column":73}},"14":{"start":{"line":18,"column":8},"end":{"line":24,"column":9}},"15":{"start":{"line":19,"column":12},"end":{"line":20,"column":53}},"16":{"start":{"line":20,"column":16},"end":{"line":20,"column":53}},"17":{"start":{"line":21,"column":12},"end":{"line":23,"column":15}},"18":{"start":{"line":26,"column":8},"end":{"line":26,"column":76}},"19":{"start":{"line":28,"column":8},"end":{"line":34,"column":9}},"20":{"start":{"line":29,"column":12},"end":{"line":30,"column":53}},"21":{"start":{"line":30,"column":16},"end":{"line":30,"column":53}},"22":{"start":{"line":31,"column":12},"end":{"line":33,"column":15}},"23":{"start":{"line":36,"column":8},"end":{"line":36,"column":70}},"24":{"start":{"line":38,"column":8},"end":{"line":44,"column":9}},"25":{"start":{"line":39,"column":12},"end":{"line":40,"column":53}},"26":{"start":{"line":40,"column":16},"end":{"line":40,"column":53}},"27":{"start":{"line":41,"column":12},"end":{"line":43,"column":15}},"28":{"start":{"line":46,"column":21},"end":{"line":46,"column":61}},"29":{"start":{"line":48,"column":25},"end":{"line":48,"column":29}},"30":{"start":{"line":49,"column":8},"end":{"line":51,"column":9}},"31":{"start":{"line":50,"column":12},"end":{"line":50,"column":39}},"32":{"start":{"line":53,"column":24},"end":{"line":67,"column":10}},"33":{"start":{"line":69,"column":23},"end":{"line":69,"column":43}},"34":{"start":{"line":71,"column":8},"end":{"line":73,"column":11}},"35":{"start":{"line":75,"column":8},"end":{"line":75,"column":25}},"36":{"start":{"line":76,"column":8},"end":{"line":78,"column":9}},"37":{"start":{"line":77,"column":12},"end":{"line":77,"column":49}},"38":{"start":{"line":79,"column":8},"end":{"line":81,"column":11}},"39":{"start":{"line":85,"column":0},"end":{"line":124,"column":2}},"40":{"start":{"line":86,"column":4},"end":{"line":123,"column":5}},"41":{"start":{"line":87,"column":21},"end":{"line":87,"column":75}},"42":{"start":{"line":89,"column":8},"end":{"line":93,"column":9}},"43":{"start":{"line":90,"column":12},"end":{"line":92,"column":15}},"44":{"start":{"line":95,"column":23},"end":{"line":95,"column":77}},"45":{"start":{"line":97,"column":8},"end":{"line":117,"column":9}},"46":{"start":{"line":98,"column":26},"end":{"line":108,"column":13}},"47":{"start":{"line":109,"column":12},"end":{"line":112,"column":15}},"48":{"start":{"line":114,"column":12},"end":{"line":116,"column":15}},"49":{"start":{"line":119,"column":8},"end":{"line":119,"column":25}},"50":{"start":{"line":120,"column":8},"end":{"line":122,"column":11}},"51":{"start":{"line":126,"column":0},"end":{"line":168,"column":2}},"52":{"start":{"line":127,"column":4},"end":{"line":167,"column":5}},"53":{"start":{"line":128,"column":21},"end":{"line":128,"column":78}},"54":{"start":{"line":129,"column":8},"end":{"line":133,"column":9}},"55":{"start":{"line":130,"column":12},"end":{"line":132,"column":15}},"56":{"start":{"line":135,"column":8},"end":{"line":152,"column":9}},"57":{"start":{"line":136,"column":12},"end":{"line":138,"column":13}},"58":{"start":{"line":137,"column":16},"end":{"line":137,"column":55}},"59":{"start":{"line":140,"column":13},"end":{"line":152,"column":9}},"60":{"start":{"line":141,"column":12},"end":{"line":151,"column":13}},"61":{"start":{"line":143,"column":32},"end":{"line":143,"column":47}},"62":{"start":{"line":144,"column":34},"end":{"line":144,"column":59}},"63":{"start":{"line":145,"column":44},"end":{"line":145,"column":71}},"64":{"start":{"line":146,"column":32},"end":{"line":146,"column":102}},"65":{"start":{"line":147,"column":16},"end":{"line":149,"column":19}},"66":{"start":{"line":148,"column":20},"end":{"line":148,"column":39}},"67":{"start":{"line":148,"column":29},"end":{"line":148,"column":39}},"68":{"start":{"line":150,"column":16},"end":{"line":150,"column":42}},"69":{"start":{"line":153,"column":8},"end":{"line":153,"column":73}},"70":{"start":{"line":155,"column":8},"end":{"line":155,"column":78}},"71":{"start":{"line":156,"column":8},"end":{"line":158,"column":11}},"72":{"start":{"line":160,"column":8},"end":{"line":160,"column":25}},"73":{"start":{"line":161,"column":8},"end":{"line":163,"column":9}},"74":{"start":{"line":162,"column":12},"end":{"line":162,"column":49}},"75":{"start":{"line":164,"column":8},"end":{"line":166,"column":11}},"76":{"start":{"line":170,"column":0},"end":{"line":193,"column":2}},"77":{"start":{"line":171,"column":4},"end":{"line":192,"column":5}},"78":{"start":{"line":172,"column":27},"end":{"line":172,"column":106}},"79":{"start":{"line":173,"column":23},"end":{"line":173,"column":83}},"80":{"start":{"line":175,"column":8},"end":{"line":179,"column":9}},"81":{"start":{"line":176,"column":12},"end":{"line":178,"column":15}},"82":{"start":{"line":181,"column":8},"end":{"line":183,"column":9}},"83":{"start":{"line":182,"column":12},"end":{"line":182,"column":57}},"84":{"start":{"line":184,"column":8},"end":{"line":186,"column":11}},"85":{"start":{"line":188,"column":8},"end":{"line":188,"column":25}},"86":{"start":{"line":189,"column":8},"end":{"line":191,"column":11}},"87":{"start":{"line":195,"column":0},"end":{"line":280,"column":2}},"88":{"start":{"line":196,"column":4},"end":{"line":279,"column":5}},"89":{"start":{"line":197,"column":21},"end":{"line":197,"column":75}},"90":{"start":{"line":199,"column":8},"end":{"line":203,"column":9}},"91":{"start":{"line":200,"column":12},"end":{"line":202,"column":15}},"92":{"start":{"line":205,"column":20},"end":{"line":205,"column":59}},"93":{"start":{"line":206,"column":8},"end":{"line":212,"column":9}},"94":{"start":{"line":207,"column":12},"end":{"line":210,"column":15}},"95":{"start":{"line":211,"column":12},"end":{"line":211,"column":31}},"96":{"start":{"line":214,"column":26},"end":{"line":214,"column":99}},"97":{"start":{"line":215,"column":24},"end":{"line":215,"column":56}},"98":{"start":{"line":216,"column":21},"end":{"line":269,"column":13}},"99":{"start":{"line":271,"column":8},"end":{"line":271,"column":51}},"100":{"start":{"line":273,"column":8},"end":{"line":275,"column":11}},"101":{"start":{"line":278,"column":8},"end":{"line":278,"column":72}},"102":{"start":{"line":282,"column":0},"end":{"line":314,"column":2}},"103":{"start":{"line":283,"column":4},"end":{"line":313,"column":5}},"104":{"start":{"line":284,"column":21},"end":{"line":284,"column":75}},"105":{"start":{"line":285,"column":8},"end":{"line":289,"column":9}},"106":{"start":{"line":286,"column":12},"end":{"line":288,"column":15}},"107":{"start":{"line":292,"column":22},"end":{"line":292,"column":73}},"108":{"start":{"line":293,"column":8},"end":{"line":297,"column":9}},"109":{"start":{"line":294,"column":12},"end":{"line":296,"column":15}},"110":{"start":{"line":299,"column":8},"end":{"line":299,"column":62}},"111":{"start":{"line":301,"column":8},"end":{"line":301,"column":65}},"112":{"start":{"line":303,"column":8},"end":{"line":303,"column":26}},"113":{"start":{"line":305,"column":8},"end":{"line":307,"column":11}},"114":{"start":{"line":309,"column":8},"end":{"line":309,"column":25}},"115":{"start":{"line":310,"column":8},"end":{"line":312,"column":11}}},"fnMap":{"0":{"name":"(anonymous_0)","decl":{"start":{"line":14,"column":21},"end":{"line":14,"column":22}},"loc":{"start":{"line":14,"column":47},"end":{"line":83,"column":1}},"line":14},"1":{"name":"(anonymous_1)","decl":{"start":{"line":85,"column":20},"end":{"line":85,"column":21}},"loc":{"start":{"line":85,"column":46},"end":{"line":124,"column":1}},"line":85},"2":{"name":"(anonymous_2)","decl":{"start":{"line":126,"column":19},"end":{"line":126,"column":20}},"loc":{"start":{"line":126,"column":45},"end":{"line":168,"column":1}},"line":126},"3":{"name":"(anonymous_3)","decl":{"start":{"line":147,"column":50},"end":{"line":147,"column":51}},"loc":{"start":{"line":147,"column":65},"end":{"line":149,"column":17}},"line":147},"4":{"name":"(anonymous_4)","decl":{"start":{"line":170,"column":21},"end":{"line":170,"column":22}},"loc":{"start":{"line":170,"column":47},"end":{"line":193,"column":1}},"line":170},"5":{"name":"(anonymous_5)","decl":{"start":{"line":195,"column":24},"end":{"line":195,"column":25}},"loc":{"start":{"line":195,"column":50},"end":{"line":280,"column":1}},"line":195},"6":{"name":"(anonymous_6)","decl":{"start":{"line":282,"column":25},"end":{"line":282,"column":26}},"loc":{"start":{"line":282,"column":51},"end":{"line":314,"column":1}},"line":282}},"branchMap":{"0":{"loc":{"start":{"line":18,"column":8},"end":{"line":24,"column":9}},"type":"if","locations":[{"start":{"line":18,"column":8},"end":{"line":24,"column":9}},{"start":{},"end":{}}],"line":18},"1":{"loc":{"start":{"line":19,"column":12},"end":{"line":20,"column":53}},"type":"if","locations":[{"start":{"line":19,"column":12},"end":{"line":20,"column":53}},{"start":{},"end":{}}],"line":19},"2":{"loc":{"start":{"line":28,"column":8},"end":{"line":34,"column":9}},"type":"if","locations":[{"start":{"line":28,"column":8},"end":{"line":34,"column":9}},{"start":{},"end":{}}],"line":28},"3":{"loc":{"start":{"line":29,"column":12},"end":{"line":30,"column":53}},"type":"if","locations":[{"start":{"line":29,"column":12},"end":{"line":30,"column":53}},{"start":{},"end":{}}],"line":29},"4":{"loc":{"start":{"line":38,"column":8},"end":{"line":44,"column":9}},"type":"if","locations":[{"start":{"line":38,"column":8},"end":{"line":44,"column":9}},{"start":{},"end":{}}],"line":38},"5":{"loc":{"start":{"line":39,"column":12},"end":{"line":40,"column":53}},"type":"if","locations":[{"start":{"line":39,"column":12},"end":{"line":40,"column":53}},{"start":{},"end":{}}],"line":39},"6":{"loc":{"start":{"line":49,"column":8},"end":{"line":51,"column":9}},"type":"if","locations":[{"start":{"line":49,"column":8},"end":{"line":51,"column":9}},{"start":{},"end":{}}],"line":49},"7":{"loc":{"start":{"line":76,"column":8},"end":{"line":78,"column":9}},"type":"if","locations":[{"start":{"line":76,"column":8},"end":{"line":78,"column":9}},{"start":{},"end":{}}],"line":76},"8":{"loc":{"start":{"line":89,"column":8},"end":{"line":93,"column":9}},"type":"if","locations":[{"start":{"line":89,"column":8},"end":{"line":93,"column":9}},{"start":{},"end":{}}],"line":89},"9":{"loc":{"start":{"line":97,"column":8},"end":{"line":117,"column":9}},"type":"if","locations":[{"start":{"line":97,"column":8},"end":{"line":117,"column":9}},{"start":{"line":113,"column":15},"end":{"line":117,"column":9}}],"line":97},"10":{"loc":{"start":{"line":129,"column":8},"end":{"line":133,"column":9}},"type":"if","locations":[{"start":{"line":129,"column":8},"end":{"line":133,"column":9}},{"start":{},"end":{}}],"line":129},"11":{"loc":{"start":{"line":135,"column":8},"end":{"line":152,"column":9}},"type":"if","locations":[{"start":{"line":135,"column":8},"end":{"line":152,"column":9}},{"start":{"line":140,"column":13},"end":{"line":152,"column":9}}],"line":135},"12":{"loc":{"start":{"line":136,"column":12},"end":{"line":138,"column":13}},"type":"if","locations":[{"start":{"line":136,"column":12},"end":{"line":138,"column":13}},{"start":{},"end":{}}],"line":136},"13":{"loc":{"start":{"line":136,"column":16},"end":{"line":136,"column":77}},"type":"binary-expr","locations":[{"start":{"line":136,"column":16},"end":{"line":136,"column":39}},{"start":{"line":136,"column":43},"end":{"line":136,"column":77}}],"line":136},"14":{"loc":{"start":{"line":140,"column":13},"end":{"line":152,"column":9}},"type":"if","locations":[{"start":{"line":140,"column":13},"end":{"line":152,"column":9}},{"start":{},"end":{}}],"line":140},"15":{"loc":{"start":{"line":141,"column":12},"end":{"line":151,"column":13}},"type":"if","locations":[{"start":{"line":141,"column":12},"end":{"line":151,"column":13}},{"start":{},"end":{}}],"line":141},"16":{"loc":{"start":{"line":148,"column":20},"end":{"line":148,"column":39}},"type":"if","locations":[{"start":{"line":148,"column":20},"end":{"line":148,"column":39}},{"start":{},"end":{}}],"line":148},"17":{"loc":{"start":{"line":153,"column":30},"end":{"line":153,"column":72}},"type":"cond-expr","locations":[{"start":{"line":153,"column":41},"end":{"line":153,"column":54}},{"start":{"line":153,"column":57},"end":{"line":153,"column":72}}],"line":153},"18":{"loc":{"start":{"line":161,"column":8},"end":{"line":163,"column":9}},"type":"if","locations":[{"start":{"line":161,"column":8},"end":{"line":163,"column":9}},{"start":{},"end":{}}],"line":161},"19":{"loc":{"start":{"line":175,"column":8},"end":{"line":179,"column":9}},"type":"if","locations":[{"start":{"line":175,"column":8},"end":{"line":179,"column":9}},{"start":{},"end":{}}],"line":175},"20":{"loc":{"start":{"line":181,"column":8},"end":{"line":183,"column":9}},"type":"if","locations":[{"start":{"line":181,"column":8},"end":{"line":183,"column":9}},{"start":{},"end":{}}],"line":181},"21":{"loc":{"start":{"line":199,"column":8},"end":{"line":203,"column":9}},"type":"if","locations":[{"start":{"line":199,"column":8},"end":{"line":203,"column":9}},{"start":{},"end":{}}],"line":199},"22":{"loc":{"start":{"line":206,"column":8},"end":{"line":212,"column":9}},"type":"if","locations":[{"start":{"line":206,"column":8},"end":{"line":212,"column":9}},{"start":{},"end":{}}],"line":206},"23":{"loc":{"start":{"line":285,"column":8},"end":{"line":289,"column":9}},"type":"if","locations":[{"start":{"line":285,"column":8},"end":{"line":289,"column":9}},{"start":{},"end":{}}],"line":285},"24":{"loc":{"start":{"line":293,"column":8},"end":{"line":297,"column":9}},"type":"if","locations":[{"start":{"line":293,"column":8},"end":{"line":297,"column":9}},{"start":{},"end":{}}],"line":293}},"s":{"0":1,"1":1,"2":1,"3":1,"4":1,"5":1,"6":1,"7":1,"8":1,"9":1,"10":1,"11":1,"12":10,"13":10,"14":10,"15":3,"16":3,"17":3,"18":7,"19":7,"20":1,"21":1,"22":1,"23":6,"24":6,"25":2,"26":2,"27":2,"28":4,"29":4,"30":4,"31":1,"32":4,"33":4,"34":4,"35":0,"36":0,"37":0,"38":0,"39":1,"40":58,"41":58,"42":58,"43":1,"44":57,"45":57,"46":56,"47":56,"48":1,"49":0,"50":0,"51":1,"52":1,"53":1,"54":1,"55":0,"56":1,"57":0,"58":0,"59":1,"60":1,"61":1,"62":1,"63":1,"64":1,"65":1,"66":1,"67":1,"68":1,"69":1,"70":1,"71":1,"72":0,"73":0,"74":0,"75":0,"76":1,"77":3,"78":3,"79":3,"80":3,"81":1,"82":2,"83":1,"84":2,"85":0,"86":0,"87":1,"88":2,"89":2,"90":2,"91":1,"92":1,"93":1,"94":1,"95":1,"96":1,"97":1,"98":1,"99":1,"100":1,"101":0,"102":1,"103":2,"104":2,"105":2,"106":1,"107":1,"108":1,"109":1,"110":0,"111":0,"112":0,"113":0,"114":0,"115":0},"f":{"0":10,"1":58,"2":1,"3":1,"4":3,"5":2,"6":2},"b":{"0":[3,7],"1":[3,0],"2":[1,6],"3":[1,0],"4":[2,4],"5":[2,0],"6":[1,3],"7":[0,0],"8":[1,57],"9":[56,1],"10":[0,1],"11":[0,1],"12":[0,0],"13":[0,0],"14":[1,0],"15":[1,0],"16":[1,0],"17":[0,1],"18":[0,0],"19":[1,2],"20":[1,1],"21":[1,1],"22":[1,0],"23":[1,1],"24":[1,0]},"_coverageSchema":"1a1c01bbd47fc00a2c39e90264f33305004495a9","hash":"4f3481af0664a67c8b8b64fbdf2c058df4baa644"}
,"C:\\Users\\JaySabva\\Desktop\\Common_Ground\\BackEnd\\api\\controllers\\fileStream.js": {"path":"C:\\Users\\JaySabva\\Desktop\\Common_Ground\\BackEnd\\api\\controllers\\fileStream.js","statementMap":{"0":{"start":{"line":1,"column":17},"end":{"line":1,"column":36}},"1":{"start":{"line":2,"column":15},"end":{"line":2,"column":32}},"2":{"start":{"line":3,"column":12},"end":{"line":3,"column":35}},"3":{"start":{"line":4,"column":15},"end":{"line":4,"column":32}},"4":{"start":{"line":5,"column":11},"end":{"line":5,"column":24}},"5":{"start":{"line":6,"column":13},"end":{"line":6,"column":28}},"6":{"start":{"line":8,"column":16},"end":{"line":8,"column":44}},"7":{"start":{"line":9,"column":17},"end":{"line":9,"column":46}},"8":{"start":{"line":10,"column":15},"end":{"line":10,"column":42}},"9":{"start":{"line":11,"column":16},"end":{"line":11,"column":44}},"10":{"start":{"line":12,"column":20},"end":{"line":12,"column":52}},"11":{"start":{"line":14,"column":0},"end":{"line":85,"column":1}},"12":{"start":{"line":15,"column":4},"end":{"line":84,"column":5}},"13":{"start":{"line":16,"column":22},"end":{"line":16,"column":39}},"14":{"start":{"line":17,"column":8},"end":{"line":19,"column":9}},"15":{"start":{"line":18,"column":12},"end":{"line":18,"column":65}},"16":{"start":{"line":21,"column":23},"end":{"line":21,"column":72}},"17":{"start":{"line":22,"column":8},"end":{"line":26,"column":9}},"18":{"start":{"line":23,"column":12},"end":{"line":25,"column":15}},"19":{"start":{"line":28,"column":24},"end":{"line":28,"column":75}},"20":{"start":{"line":29,"column":8},"end":{"line":33,"column":9}},"21":{"start":{"line":30,"column":12},"end":{"line":32,"column":15}},"22":{"start":{"line":35,"column":21},"end":{"line":35,"column":56}},"23":{"start":{"line":36,"column":8},"end":{"line":40,"column":9}},"24":{"start":{"line":37,"column":12},"end":{"line":39,"column":15}},"25":{"start":{"line":42,"column":25},"end":{"line":42,"column":44}},"26":{"start":{"line":43,"column":25},"end":{"line":43,"column":44}},"27":{"start":{"line":45,"column":26},"end":{"line":45,"column":52}},"28":{"start":{"line":46,"column":36},"end":{"line":46,"column":64}},"29":{"start":{"line":48,"column":21},"end":{"line":48,"column":58}},"30":{"start":{"line":50,"column":8},"end":{"line":56,"column":11}},"31":{"start":{"line":51,"column":12},"end":{"line":55,"column":13}},"32":{"start":{"line":52,"column":16},"end":{"line":54,"column":19}},"33":{"start":{"line":58,"column":26},"end":{"line":58,"column":48}},"34":{"start":{"line":59,"column":8},"end":{"line":59,"column":31}},"35":{"start":{"line":61,"column":27},"end":{"line":61,"column":34}},"36":{"start":{"line":62,"column":22},"end":{"line":62,"column":54}},"37":{"start":{"line":63,"column":20},"end":{"line":63,"column":63}},"38":{"start":{"line":65,"column":30},"end":{"line":65,"column":45}},"39":{"start":{"line":67,"column":24},"end":{"line":72,"column":9}},"40":{"start":{"line":74,"column":8},"end":{"line":74,"column":36}},"41":{"start":{"line":76,"column":28},"end":{"line":76,"column":69}},"42":{"start":{"line":77,"column":8},"end":{"line":77,"column":30}},"43":{"start":{"line":80,"column":8},"end":{"line":80,"column":25}},"44":{"start":{"line":81,"column":8},"end":{"line":83,"column":11}},"45":{"start":{"line":87,"column":0},"end":{"line":177,"column":2}},"46":{"start":{"line":88,"column":4},"end":{"line":176,"column":5}},"47":{"start":{"line":89,"column":25},"end":{"line":89,"column":38}},"48":{"start":{"line":90,"column":8},"end":{"line":90,"column":65}},"49":{"start":{"line":92,"column":25},"end":{"line":92,"column":43}},"50":{"start":{"line":93,"column":8},"end":{"line":97,"column":9}},"51":{"start":{"line":94,"column":12},"end":{"line":96,"column":15}},"52":{"start":{"line":99,"column":23},"end":{"line":99,"column":61}},"53":{"start":{"line":100,"column":8},"end":{"line":104,"column":9}},"54":{"start":{"line":101,"column":12},"end":{"line":103,"column":15}},"55":{"start":{"line":106,"column":8},"end":{"line":119,"column":9}},"56":{"start":{"line":107,"column":12},"end":{"line":111,"column":13}},"57":{"start":{"line":108,"column":16},"end":{"line":110,"column":19}},"58":{"start":{"line":114,"column":12},"end":{"line":118,"column":13}},"59":{"start":{"line":115,"column":16},"end":{"line":117,"column":19}},"60":{"start":{"line":121,"column":26},"end":{"line":121,"column":40}},"61":{"start":{"line":123,"column":29},"end":{"line":123,"column":73}},"62":{"start":{"line":125,"column":8},"end":{"line":129,"column":9}},"63":{"start":{"line":126,"column":12},"end":{"line":128,"column":15}},"64":{"start":{"line":130,"column":8},"end":{"line":134,"column":9}},"65":{"start":{"line":131,"column":12},"end":{"line":133,"column":15}},"66":{"start":{"line":136,"column":8},"end":{"line":140,"column":9}},"67":{"start":{"line":137,"column":12},"end":{"line":139,"column":15}},"68":{"start":{"line":142,"column":25},"end":{"line":142,"column":52}},"69":{"start":{"line":143,"column":22},"end":{"line":143,"column":39}},"70":{"start":{"line":145,"column":8},"end":{"line":170,"column":9}},"71":{"start":{"line":146,"column":31},"end":{"line":146,"column":38}},"72":{"start":{"line":147,"column":26},"end":{"line":147,"column":58}},"73":{"start":{"line":148,"column":24},"end":{"line":148,"column":66}},"74":{"start":{"line":150,"column":34},"end":{"line":150,"column":49}},"75":{"start":{"line":152,"column":28},"end":{"line":157,"column":13}},"76":{"start":{"line":159,"column":12},"end":{"line":159,"column":40}},"77":{"start":{"line":161,"column":32},"end":{"line":161,"column":78}},"78":{"start":{"line":162,"column":12},"end":{"line":162,"column":34}},"79":{"start":{"line":164,"column":25},"end":{"line":167,"column":13}},"80":{"start":{"line":168,"column":12},"end":{"line":168,"column":37}},"81":{"start":{"line":169,"column":12},"end":{"line":169,"column":53}},"82":{"start":{"line":172,"column":8},"end":{"line":172,"column":27}},"83":{"start":{"line":173,"column":8},"end":{"line":175,"column":11}},"84":{"start":{"line":180,"column":20},"end":{"line":180,"column":42}},"85":{"start":{"line":181,"column":4},"end":{"line":188,"column":5}},"86":{"start":{"line":183,"column":12},"end":{"line":183,"column":31}},"87":{"start":{"line":185,"column":12},"end":{"line":185,"column":37}},"88":{"start":{"line":187,"column":12},"end":{"line":187,"column":46}},"89":{"start":{"line":191,"column":0},"end":{"line":217,"column":1}},"90":{"start":{"line":192,"column":4},"end":{"line":216,"column":5}},"91":{"start":{"line":193,"column":28},"end":{"line":193,"column":87}},"92":{"start":{"line":194,"column":8},"end":{"line":198,"column":9}},"93":{"start":{"line":195,"column":12},"end":{"line":197,"column":15}},"94":{"start":{"line":200,"column":24},"end":{"line":200,"column":96}},"95":{"start":{"line":201,"column":25},"end":{"line":201,"column":99}},"96":{"start":{"line":202,"column":23},"end":{"line":202,"column":104}},"97":{"start":{"line":204,"column":8},"end":{"line":209,"column":11}},"98":{"start":{"line":212,"column":8},"end":{"line":212,"column":27}},"99":{"start":{"line":213,"column":8},"end":{"line":215,"column":11}}},"fnMap":{"0":{"name":"(anonymous_0)","decl":{"start":{"line":14,"column":21},"end":{"line":14,"column":22}},"loc":{"start":{"line":14,"column":47},"end":{"line":85,"column":1}},"line":14},"1":{"name":"(anonymous_1)","decl":{"start":{"line":50,"column":22},"end":{"line":50,"column":23}},"loc":{"start":{"line":50,"column":43},"end":{"line":56,"column":9}},"line":50},"2":{"name":"(anonymous_2)","decl":{"start":{"line":87,"column":21},"end":{"line":87,"column":22}},"loc":{"start":{"line":87,"column":47},"end":{"line":177,"column":1}},"line":87},"3":{"name":"getContentType","decl":{"start":{"line":179,"column":9},"end":{"line":179,"column":23}},"loc":{"start":{"line":179,"column":34},"end":{"line":189,"column":1}},"line":179},"4":{"name":"(anonymous_4)","decl":{"start":{"line":191,"column":28},"end":{"line":191,"column":29}},"loc":{"start":{"line":191,"column":54},"end":{"line":217,"column":1}},"line":191}},"branchMap":{"0":{"loc":{"start":{"line":17,"column":8},"end":{"line":19,"column":9}},"type":"if","locations":[{"start":{"line":17,"column":8},"end":{"line":19,"column":9}},{"start":{},"end":{}}],"line":17},"1":{"loc":{"start":{"line":22,"column":8},"end":{"line":26,"column":9}},"type":"if","locations":[{"start":{"line":22,"column":8},"end":{"line":26,"column":9}},{"start":{},"end":{}}],"line":22},"2":{"loc":{"start":{"line":29,"column":8},"end":{"line":33,"column":9}},"type":"if","locations":[{"start":{"line":29,"column":8},"end":{"line":33,"column":9}},{"start":{},"end":{}}],"line":29},"3":{"loc":{"start":{"line":36,"column":8},"end":{"line":40,"column":9}},"type":"if","locations":[{"start":{"line":36,"column":8},"end":{"line":40,"column":9}},{"start":{},"end":{}}],"line":36},"4":{"loc":{"start":{"line":51,"column":12},"end":{"line":55,"column":13}},"type":"if","locations":[{"start":{"line":51,"column":12},"end":{"line":55,"column":13}},{"start":{},"end":{}}],"line":51},"5":{"loc":{"start":{"line":93,"column":8},"end":{"line":97,"column":9}},"type":"if","locations":[{"start":{"line":93,"column":8},"end":{"line":97,"column":9}},{"start":{},"end":{}}],"line":93},"6":{"loc":{"start":{"line":100,"column":8},"end":{"line":104,"column":9}},"type":"if","locations":[{"start":{"line":100,"column":8},"end":{"line":104,"column":9}},{"start":{},"end":{}}],"line":100},"7":{"loc":{"start":{"line":106,"column":8},"end":{"line":119,"column":9}},"type":"if","locations":[{"start":{"line":106,"column":8},"end":{"line":119,"column":9}},{"start":{"line":113,"column":13},"end":{"line":119,"column":9}}],"line":106},"8":{"loc":{"start":{"line":107,"column":12},"end":{"line":111,"column":13}},"type":"if","locations":[{"start":{"line":107,"column":12},"end":{"line":111,"column":13}},{"start":{},"end":{}}],"line":107},"9":{"loc":{"start":{"line":114,"column":12},"end":{"line":118,"column":13}},"type":"if","locations":[{"start":{"line":114,"column":12},"end":{"line":118,"column":13}},{"start":{},"end":{}}],"line":114},"10":{"loc":{"start":{"line":125,"column":8},"end":{"line":129,"column":9}},"type":"if","locations":[{"start":{"line":125,"column":8},"end":{"line":129,"column":9}},{"start":{},"end":{}}],"line":125},"11":{"loc":{"start":{"line":130,"column":8},"end":{"line":134,"column":9}},"type":"if","locations":[{"start":{"line":130,"column":8},"end":{"line":134,"column":9}},{"start":{},"end":{}}],"line":130},"12":{"loc":{"start":{"line":136,"column":8},"end":{"line":140,"column":9}},"type":"if","locations":[{"start":{"line":136,"column":8},"end":{"line":140,"column":9}},{"start":{},"end":{}}],"line":136},"13":{"loc":{"start":{"line":145,"column":8},"end":{"line":170,"column":9}},"type":"if","locations":[{"start":{"line":145,"column":8},"end":{"line":170,"column":9}},{"start":{"line":163,"column":15},"end":{"line":170,"column":9}}],"line":145},"14":{"loc":{"start":{"line":181,"column":4},"end":{"line":188,"column":5}},"type":"switch","locations":[{"start":{"line":182,"column":8},"end":{"line":183,"column":31}},{"start":{"line":184,"column":8},"end":{"line":185,"column":37}},{"start":{"line":186,"column":8},"end":{"line":187,"column":46}}],"line":181},"15":{"loc":{"start":{"line":194,"column":8},"end":{"line":198,"column":9}},"type":"if","locations":[{"start":{"line":194,"column":8},"end":{"line":198,"column":9}},{"start":{},"end":{}}],"line":194}},"s":{"0":1,"1":1,"2":1,"3":1,"4":1,"5":1,"6":1,"7":1,"8":1,"9":1,"10":1,"11":1,"12":0,"13":0,"14":0,"15":0,"16":0,"17":0,"18":0,"19":0,"20":0,"21":0,"22":0,"23":0,"24":0,"25":0,"26":0,"27":0,"28":0,"29":0,"30":0,"31":0,"32":0,"33":0,"34":0,"35":0,"36":0,"37":0,"38":0,"39":0,"40":0,"41":0,"42":0,"43":0,"44":0,"45":1,"46":0,"47":0,"48":0,"49":0,"50":0,"51":0,"52":0,"53":0,"54":0,"55":0,"56":0,"57":0,"58":0,"59":0,"60":0,"61":0,"62":0,"63":0,"64":0,"65":0,"66":0,"67":0,"68":0,"69":0,"70":0,"71":0,"72":0,"73":0,"74":0,"75":0,"76":0,"77":0,"78":0,"79":0,"80":0,"81":0,"82":0,"83":0,"84":0,"85":0,"86":0,"87":0,"88":0,"89":1,"90":0,"91":0,"92":0,"93":0,"94":0,"95":0,"96":0,"97":0,"98":0,"99":0},"f":{"0":0,"1":0,"2":0,"3":0,"4":0},"b":{"0":[0,0],"1":[0,0],"2":[0,0],"3":[0,0],"4":[0,0],"5":[0,0],"6":[0,0],"7":[0,0],"8":[0,0],"9":[0,0],"10":[0,0],"11":[0,0],"12":[0,0],"13":[0,0],"14":[0,0,0],"15":[0,0]},"_coverageSchema":"1a1c01bbd47fc00a2c39e90264f33305004495a9","hash":"9bd4027120d6334cab5e623c5e1858f18e88c2f1"}
[...]
16},"end":{"line":19,"column":56}},"15":{"start":{"line":22,"column":27},"end":{"line":22,"column":67}},"16":{"start":{"line":23,"column":12},"end":{"line":25,"column":13}},"17":{"start":{"line":24,"column":16},"end":{"line":24,"column":52}},"18":{"start":{"line":27,"column":40},"end":{"line":27,"column":156}},"19":{"start":{"line":28,"column":12},"end":{"line":30,"column":13}},"20":{"start":{"line":29,"column":16},"end":{"line":29,"column":71}},"21":{"start":{"line":31,"column":12},"end":{"line":31,"column":42}},"22":{"start":{"line":34,"column":12},"end":{"line":34,"column":49}},"23":{"start":{"line":35,"column":12},"end":{"line":35,"column":34}},"24":{"start":{"line":39,"column":8},"end":{"line":39,"column":96}},"25":{"start":{"line":40,"column":8},"end":{"line":40,"column":139}},"26":{"start":{"line":44,"column":19},"end":{"line":44,"column":54}},"27":{"start":{"line":46,"column":0},"end":{"line":46,"column":32}}},"fnMap":{"0":{"name":"(anonymous_0)","decl":{"start":{"line":11,"column":17},"end":{"line":11,"column":18}},"loc":{"start":{"line":11,"column":48},"end":{"line":37,"column":5}},"line":11},"1":{"name":"(anonymous_1)","decl":{"start":{"line":38,"column":14},"end":{"line":38,"column":15}},"loc":{"start":{"line":38,"column":39},"end":{"line":41,"column":5}},"line":38}},"branchMap":{"0":{"loc":{"start":{"line":13,"column":12},"end":{"line":15,"column":13}},"type":"if","locations":[{"start":{"line":13,"column":12},"end":{"line":15,"column":13}},{"start":{},"end":{}}],"line":13},"1":{"loc":{"start":{"line":18,"column":12},"end":{"line":20,"column":13}},"type":"if","locations":[{"start":{"line":18,"column":12},"end":{"line":20,"column":13}},{"start":{},"end":{}}],"line":18},"2":{"loc":{"start":{"line":23,"column":12},"end":{"line":25,"column":13}},"type":"if","locations":[{"start":{"line":23,"column":12},"end":{"line":25,"column":13}},{"start":{},"end":{}}],"line":23},"3":{"loc":{"start":{"line":28,"column":12},"end":{"line":30,"column":13}},"type":"if","locations":[{"start":{"line":28,"column":12},"end":{"line":30,"column":13}},{"start":{},"end":{}}],"line":28}},"s":{"0":1,"1":1,"2":1,"3":1,"4":1,"5":1,"6":1,"7":1,"8":1,"9":1,"10":1,"11":0,"12":1,"13":1,"14":0,"15":1,"16":1,"17":0,"18":1,"19":1,"20":1,"21":1,"22":0,"23":0,"24":1,"25":1,"26":1,"27":1},"f":{"0":1,"1":1},"b":{"0":[0,1],"1":[0,1],"2":[0,1],"3":[1,0]},"_coverageSchema":"1a1c01bbd47fc00a2c39e90264f33305004495a9","hash":"4ff87dc1fc67b89a293feabef98164e97511b32d"}
,"C:\\Users\\JaySabva\\Desktop\\Common_Ground\\BackEnd\\api\\models\\assignment.js": {"path":"C:\\Users\\JaySabva\\Desktop\\Common_Ground\\BackEnd\\api\\models\\assignment.js","statementMap":{"0":{"start":{"line":1,"column":17},"end":{"line":1,"column":36}},"1":{"start":{"line":3,"column":25},"end":{"line":36,"column":2}},"2":{"start":{"line":38,"column":19},"end":{"line":38,"column":65}},"3":{"start":{"line":40,"column":0},"end":{"line":40,"column":28}}},"fnMap":{},"branchMap":{},"s":{"0":1,"1":1,"2":1,"3":1},"f":{},"b":{},"_coverageSchema":"1a1c01bbd47fc00a2c39e90264f33305004495a9","hash":"ff3cece615af6f8360858fa6f1f6128a0601c27c"}
,"C:\\Users\\JaySabva\\Desktop\\Common_Ground\\BackEnd\\api\\models\\certificate.js": {"path":"C:\\Users\\JaySabva\\Desktop\\Common_Ground\\BackEnd\\api\\models\\certificate.js","statementMap":{"0":{"start":{"line":1,"column":17},"end":{"line":1,"column":36}},"1":{"start":{"line":3,"column":26},"end":{"line":20,"column":2}},"2":{"start":{"line":22,"column":20},"end":{"line":22,"column":68}},"3":{"start":{"line":24,"column":0},"end":{"line":24,"column":29}}},"fnMap":{},"branchMap":{},"s":{"0":1,"1":1,"2":1,"3":1},"f":{},"b":{},"_coverageSchema":"1a1c01bbd47fc00a2c39e90264f33305004495a9","hash":"f22ac74587231333510dcc4ec398ef31a0c3b21a"}
,"C:\\Users\\JaySabva\\Desktop\\Common_Ground\\BackEnd\\api\\models\\course.js": {"path":"C:\\Users\\JaySabva\\Desktop\\Common_Ground\\BackEnd\\api\\models\\course.js","statementMap":{"0":{"start":{"line":1,"column":17},"end":{"line":1,"column":36}},"1":{"start":{"line":3,"column":17},"end":{"line":17,"column":2}},"2":{"start":{"line":19,"column":21},"end":{"line":104,"column":2}},"3":{"start":{"line":106,"column":0},"end":{"line":106,"column":56}}},"fnMap":{},"branchMap":{},"s":{"0":1,"1":1,"2":1,"3":1},"f":{},"b":{},"_coverageSchema":"1a1c01bbd47fc00a2c39e90264f33305004495a9","hash":"cb05bc8f0568d39dd595078ac032144a719e8b48"}
,"C:\\Users\\JaySabva\\Desktop\\Common_Ground\\BackEnd\\api\\models\\discussion.js": {"path":"C:\\Users\\JaySabva\\Desktop\\Common_Ground\\BackEnd\\api\\models\\discussion.js","statementMap":{"0":{"start":{"line":1,"column":17},"end":{"line":1,"column":36}},"1":{"start":{"line":3,"column":22},"end":{"line":23,"column":2}},"2":{"start":{"line":25,"column":25},"end":{"line":29,"column":2}},"3":{"start":{"line":31,"column":19},"end":{"line":31,"column":65}},"4":{"start":{"line":33,"column":0},"end":{"line":33,"column":28}}},"fnMap":{},"branchMap":{},"s":{"0":1,"1":1,"2":1,"3":1,"4":1},"f":{},"b":{},"_coverageSchema":"1a1c01bbd47fc00a2c39e90264f33305004495a9","hash":"21b334651ee67b57d8dceb74cfeba781e2f86730"}
,"C:\\Users\\JaySabva\\Desktop\\Common_Ground\\BackEnd\\api\\models\\educator.js": {"path":"C:\\Users\\JaySabva\\Desktop\\Common_Ground\\BackEnd\\api\\models\\educator.js","statementMap":{"0":{"start":{"line":1,"column":17},"end":{"line":1,"column":36}},"1":{"start":{"line":3,"column":23},"end":{"line":67,"column":2}},"2":{"start":{"line":69,"column":17},"end":{"line":69,"column":59}},"3":{"start":{"line":71,"column":0},"end":{"line":71,"column":26}}},"fnMap":{},"branchMap":{},"s":{"0":1,"1":1,"2":1,"3":1},"f":{},"b":{},"_coverageSchema":"1a1c01bbd47fc00a2c39e90264f33305004495a9","hash":"af3da1832c4a8d18735a4f0b9b3382bf110f4976"}
,"C:\\Users\\JaySabva\\Desktop\\Common_Ground\\BackEnd\\api\\models\\section.js": {"path":"C:\\Users\\JaySabva\\Desktop\\Common_Ground\\BackEnd\\api\\models\\section.js","statementMap":{"0":{"start":{"line":1,"column":17},"end":{"line":1,"column":36}},"1":{"start":{"line":3,"column":13},"end":{"line":18,"column":2}},"2":{"start":{"line":20,"column":22},"end":{"line":32,"column":2}},"3":{"start":{"line":34,"column":16},"end":{"line":34,"column":56}},"4":{"start":{"line":36,"column":0},"end":{"line":36,"column":25}}},"fnMap":{},"branchMap":{},"s":{"0":1,"1":1,"2":1,"3":1,"4":1},"f":{},"b":{},"_coverageSchema":"1a1c01bbd47fc00a2c39e90264f33305004495a9","hash":"be932fc7e4adbc653a8408e2b369ae2bfc9140f6"}
,"C:\\Users\\JaySabva\\Desktop\\Common_Ground\\BackEnd\\api\\models\\student.js": {"path":"C:\\Users\\JaySabva\\Desktop\\Common_Ground\\BackEnd\\api\\models\\student.js","statementMap":{"0":{"start":{"line":1,"column":17},"end":{"line":1,"column":36}},"1":{"start":{"line":3,"column":22},"end":{"line":69,"column":2}},"2":{"start":{"line":71,"column":16},"end":{"line":71,"column":56}},"3":{"start":{"line":73,"column":0},"end":{"line":73,"column":25}}},"fnMap":{},"branchMap":{},"s":{"0":1,"1":1,"2":1,"3":1},"f":{},"b":{},"_coverageSchema":"1a1c01bbd47fc00a2c39e90264f33305004495a9","hash":"579505ac573626748d50176e06c916397801e0de"}
,"C:\\Users\\JaySabva\\Desktop\\Common_Ground\\BackEnd\\api\\models\\submission.js": {"path":"C:\\Users\\JaySabva\\Desktop\\Common_Ground\\BackEnd\\api\\models\\submission.js","statementMap":{"0":{"start":{"line":1,"column":17},"end":{"line":1,"column":36}},"1":{"start":{"line":3,"column":25},"end":{"line":29,"column":2}},"2":{"start":{"line":31,"column":19},"end":{"line":31,"column":65}},"3":{"start":{"line":33,"column":0},"end":{"line":33,"column":28}}},"fnMap":{},"branchMap":{},"s":{"0":1,"1":1,"2":1,"3":1},"f":{},"b":{},"_coverageSchema":"1a1c01bbd47fc00a2c39e90264f33305004495a9","hash":"ba486808ff487b217bcc8c0f49a9e86e8f5bfe21"}
,"C:\\Users\\JaySabva\\Desktop\\Common_Ground\\BackEnd\\api\\models\\token.js": {"path":"C:\\Users\\JaySabva\\Desktop\\Common_Ground\\BackEnd\\api\\models\\token.js","statementMap":{"0":{"start":{"line":1,"column":17},"end":{"line":1,"column":36}},"1":{"start":{"line":2,"column":15},"end":{"line":2,"column":30}},"2":{"start":{"line":4,"column":20},"end":{"line":18,"column":2}},"3":{"start":{"line":20,"column":0},"end":{"line":20,"column":54}}},"fnMap":{},"branchMap":{},"s":{"0":1,"1":1,"2":1,"3":1},"f":{},"b":{},"_coverageSchema":"1a1c01bbd47fc00a2c39e90264f33305004495a9","hash":"58baedc902338af84aff7740cb8b63802b4e430b"}
,"C:\\Users\\JaySabva\\Desktop\\Common_Ground\\BackEnd\\api\\routes\\educator.js": {"path":"C:\\Users\\JaySabva\\Desktop\\Common_Ground\\BackEnd\\api\\routes\\educator.js","statementMap":{"0":{"start":{"line":1,"column":16},"end":{"line":1,"column":34}},"1":{"start":{"line":2,"column":15},"end":{"line":2,"column":31}},"2":{"start":{"line":4,"column":27},"end":{"line":4,"column":61}},"3":{"start":{"line":5,"column":25},"end":{"line":5,"column":57}},"4":{"start":{"line":6,"column":26},"end":{"line":6,"column":59}},"5":{"start":{"line":7,"column":29},"end":{"line":7,"column":65}},"6":{"start":{"line":8,"column":29},"end":{"line":8,"column":65}},"7":{"start":{"line":10,"column":18},"end":{"line":10,"column":52}},"8":{"start":{"line":11,"column":20},"end":{"line":11,"column":56}},"9":{"start":{"line":14,"column":25},"end":{"line":14,"column":63}},"10":{"start":{"line":15,"column":19},"end":{"line":15,"column":56}},"11":{"start":{"line":16,"column":20},"end":{"line":16,"column":58}},"12":{"start":{"line":17,"column":23},"end":{"line":17,"column":64}},"13":{"start":{"line":18,"column":22},"end":{"line":18,"column":55}},"14":{"start":{"line":19,"column":21},"end":{"line":19,"column":47}},"15":{"start":{"line":20,"column":22},"end":{"line":20,"column":54}},"16":{"start":{"line":21,"column":25},"end":{"line":21,"column":60}},"17":{"start":{"line":23,"column":0},"end":{"line":23,"column":69}},"18":{"start":{"line":24,"column":0},"end":{"line":24,"column":52}},"19":{"start":{"line":25,"column":0},"end":{"line":25,"column":65}},"20":{"start":{"line":26,"column":0},"end":{"line":26,"column":67}},"21":{"start":{"line":27,"column":0},"end":{"line":27,"column":85}},"22":{"start":{"line":28,"column":0},"end":{"line":28,"column":67}},"23":{"start":{"line":30,"column":0},"end":{"line":30,"column":86}},"24":{"start":{"line":31,"column":0},"end":{"line":31,"column":93}},"25":{"start":{"line":32,"column":0},"end":{"line":32,"column":82}},"26":{"start":{"line":33,"column":0},"end":{"line":33,"column":96}},"27":{"start":{"line":34,"column":0},"end":{"line":34,"column":95}},"28":{"start":{"line":36,"column":0},"end":{"line":36,"column":85}},"29":{"start":{"line":37,"column":0},"end":{"line":37,"column":93}},"30":{"start":{"line":38,"column":0},"end":{"line":38,"column":98}},"31":{"start":{"line":40,"column":0},"end":{"line":40,"column":99}},"32":{"start":{"line":41,"column":0},"end":{"line":41,"column":110}},"33":{"start":{"line":42,"column":0},"end":{"line":42,"column":100}},"34":{"start":{"line":44,"column":0},"end":{"line":44,"column":94}},"35":{"start":{"line":45,"column":0},"end":{"line":45,"column":107}},"36":{"start":{"line":46,"column":0},"end":{"line":46,"column":110}},"37":{"start":{"line":48,"column":0},"end":{"line":48,"column":112}},"38":{"start":{"line":50,"column":0},"end":{"line":50,"column":110}},"39":{"start":{"line":51,"column":0},"end":{"line":51,"column":120}},"40":{"start":{"line":53,"column":0},"end":{"line":53,"column":24}}},"fnMap":{},"branchMap":{},"s":{"0":1,"1":1,"2":1,"3":1,"4":1,"5":1,"6":1,"7":1,"8":1,"9":1,"10":1,"11":1,"12":1,"13":1,"14":1,"15":1,"16":1,"17":1,"18":1,"19":1,"20":1,"21":1,"22":1,"23":1,"24":1,"25":1,"26":1,"27":1,"28":1,"29":1,"30":1,"31":1,"32":1,"33":1,"34":1,"35":1,"36":1,"37":1,"38":1,"39":1,"40":1},"f":{},"b":{},"_coverageSchema":"1a1c01bbd47fc00a2c39e90264f33305004495a9","hash":"951c6ad7b3695ee8817d6efa6058510f3c8aa033"}
,"C:\\Users\\JaySabva\\Desktop\\Common_Ground\\BackEnd\\api\\routes\\files.js": {"path":"C:\\Users\\JaySabva\\Desktop\\Common_Ground\\BackEnd\\api\\routes\\files.js","statementMap":{"0":{"start":{"line":1,"column":16},"end":{"line":1,"column":34}},"1":{"start":{"line":2,"column":15},"end":{"line":2,"column":31}},"2":{"start":{"line":4,"column":23},"end":{"line":4,"column":59}},"3":{"start":{"line":6,"column":0},"end":{"line":6,"column":87}},"4":{"start":{"line":7,"column":0},"end":{"line":7,"column":51}},"5":{"start":{"line":8,"column":0},"end":{"line":8,"column":71}},"6":{"start":{"line":10,"column":0},"end":{"line":10,"column":24}}},"fnMap":{},"branchMap":{},"s":{"0":1,"1":1,"2":1,"3":1,"4":1,"5":1,"6":1},"f":{},"b":{},"_coverageSchema":"1a1c01bbd47fc00a2c39e90264f33305004495a9","hash":"2574886be2c0da00ea2c5ff3afdfa824b94813b3"}
,"C:\\Users\\JaySabva\\Desktop\\Common_Ground\\BackEnd\\api\\routes\\query.js": {"path":"C:\\Users\\JaySabva\\Desktop\\Common_Ground\\BackEnd\\api\\routes\\query.js","statementMap":{"0":{"start":{"line":1,"column":16},"end":{"line":1,"column":34}},"1":{"start":{"line":2,"column":15},"end":{"line":2,"column":31}},"2":{"start":{"line":4,"column":24},"end":{"line":4,"column":55}},"3":{"start":{"line":6,"column":18},"end":{"line":6,"column":52}},"4":{"start":{"line":7,"column":20},"end":{"line":7,"column":56}},"5":{"start":{"line":9,"column":0},"end":{"line":9,"column":55}},"6":{"start":{"line":10,"column":0},"end":{"line":10,"column":49}},"7":{"start":{"line":12,"column":0},"end":{"line":12,"column":59}},"8":{"start":{"line":15,"column":0},"end":{"line":15,"column":66}},"9":{"start":{"line":16,"column":0},"end":{"line":16,"column":62}},"10":{"start":{"line":17,"column":0},"end":{"line":17,"column":54}},"11":{"start":{"line":18,"column":0},"end":{"line":18,"column":77}},"12":{"start":{"line":19,"column":0},"end":{"line":19,"column":73}},"13":{"start":{"line":20,"column":0},"end":{"line":20,"column":80}},"14":{"start":{"line":21,"column":0},"end":{"line":21,"column":83}},"15":{"start":{"line":22,"column":0},"end":{"line":22,"column":71}},"16":{"start":{"line":24,"column":0},"end":{"line":24,"column":24}}},"fnMap":{},"branchMap":{},"s":{"0":1,"1":1,"2":1,"3":1,"4":1,"5":1,"6":1,"7":1,"8":1,"9":1,"10":1,"11":1,"12":1,"13":1,"14":1,"15":1,"16":1},"f":{},"b":{},"_coverageSchema":"1a1c01bbd47fc00a2c39e90264f33305004495a9","hash":"e1f11ae60e9a71a0f91525683dc48c1dd21a6390"}
,"C:\\Users\\JaySabva\\Desktop\\Common_Ground\\BackEnd\\api\\routes\\student.js": {"path":"C:\\Users\\JaySabva\\Desktop\\Common_Ground\\BackEnd\\api\\routes\\student.js","statementMap":{"0":{"start":{"line":1,"column":16},"end":{"line":1,"column":34}},"1":{"start":{"line":2,"column":15},"end":{"line":2,"column":31}},"2":{"start":{"line":4,"column":26},"end":{"line":4,"column":59}},"3":{"start":{"line":5,"column":25},"end":{"line":5,"column":57}},"4":{"start":{"line":6,"column":29},"end":{"line":6,"column":65}},"5":{"start":{"line":7,"column":29},"end":{"line":7,"column":65}},"6":{"start":{"line":9,"column":18},"end":{"line":9,"column":52}},"7":{"start":{"line":10,"column":20},"end":{"line":10,"column":56}},"8":{"start":{"line":13,"column":25},"end":{"line":13,"column":63}},"9":{"start":{"line":14,"column":23},"end":{"line":14,"column":64}},"10":{"start":{"line":15,"column":22},"end":{"line":15,"column":55}},"11":{"start":{"line":16,"column":25},"end":{"line":16,"column":55}},"12":{"start":{"line":18,"column":0},"end":{"line":18,"column":68}},"13":{"start":{"line":19,"column":0},"end":{"line":19,"column":51}},"14":{"start":{"line":20,"column":0},"end":{"line":20,"column":64}},"15":{"start":{"line":21,"column":0},"end":{"line":21,"column":66}},"16":{"start":{"line":22,"column":0},"end":{"line":22,"column":84}},"17":{"start":{"line":23,"column":0},"end":{"line":23,"column":66}},"18":{"start":{"line":25,"column":0},"end":{"line":25,"column":75}},"19":{"start":{"line":26,"column":0},"end":{"line":26,"column":77}},"20":{"start":{"line":27,"column":0},"end":{"line":27,"column":86}},"21":{"start":{"line":29,"column":0},"end":{"line":29,"column":94}},"22":{"start":{"line":30,"column":0},"end":{"line":30,"column":107}},"23":{"start":{"line":31,"column":0},"end":{"line":31,"column":110}},"24":{"start":{"line":32,"column":0},"end":{"line":32,"column":94}},"25":{"start":{"line":34,"column":0},"end":{"line":34,"column":139}},"26":{"start":{"line":35,"column":0},"end":{"line":35,"column":123}},"27":{"start":{"line":37,"column":0},"end":{"line":37,"column":24}}},"fnMap":{},"branchMap":{},"s":{"0":1,"1":1,"2":1,"3":1,"4":1,"5":1,"6":1,"7":1,"8":1,"9":1,"10":1,"11":1,"12":1,"13":1,"14":1,"15":1,"16":1,"17":1,"18":1,"19":1,"20":1,"21":1,"22":1,"23":1,"24":1,"25":1,"26":1,"27":1},"f":{},"b":{},"_coverageSchema":"1a1c01bbd47fc00a2c39e90264f33305004495a9","hash":"3c7c35aae71d8522568ca2ddc12bcfe65765784b"}
,"C:\\Users\\JaySabva\\Desktop\\Common_Ground\\BackEnd\\utils\\deleteFile.js": {"path":"C:\\Users\\JaySabva\\Desktop\\Common_Ground\\BackEnd\\utils\\deleteFile.js","statementMap":{"0":{"start":{"line":1,"column":11},"end":{"line":1,"column":24}},"1":{"start":{"line":3,"column":19},"end":{"line":9,"column":1}},"2":{"start":{"line":4,"column":4},"end":{"line":8,"column":7}},"3":{"start":{"line":5,"column":8},"end":{"line":7,"column":9}},"4":{"start":{"line":6,"column":12},"end":{"line":6,"column":24}},"5":{"start":{"line":11,"column":21},"end":{"line":17,"column":1}},"6":{"start":{"line":12,"column":4},"end":{"line":16,"column":7}},"7":{"start":{"line":13,"column":8},"end":{"line":15,"column":9}},"8":{"start":{"line":14,"column":12},"end":{"line":14,"column":24}},"9":{"start":{"line":19,"column":0},"end":{"line":19,"column":44}}},"fnMap":{"0":{"name":"(anonymous_0)","decl":{"start":{"line":3,"column":19},"end":{"line":3,"column":20}},"loc":{"start":{"line":3,"column":33},"end":{"line":9,"column":1}},"line":3},"1":{"name":"(anonymous_1)","decl":{"start":{"line":4,"column":24},"end":{"line":4,"column":25}},"loc":{"start":{"line":4,"column":33},"end":{"line":8,"column":5}},"line":4},"2":{"name":"(anonymous_2)","decl":{"start":{"line":11,"column":21},"end":{"line":11,"column":22}},"loc":{"start":{"line":11,"column":37},"end":{"line":17,"column":1}},"line":11},"3":{"name":"(anonymous_3)","decl":{"start":{"line":12,"column":41},"end":{"line":12,"column":42}},"loc":{"start":{"line":12,"column":50},"end":{"line":16,"column":5}},"line":12}},"branchMap":{"0":{"loc":{"start":{"line":5,"column":8},"end":{"line":7,"column":9}},"type":"if","locations":[{"start":{"line":5,"column":8},"end":{"line":7,"column":9}},{"start":{},"end":{}}],"line":5},"1":{"loc":{"start":{"line":13,"column":8},"end":{"line":15,"column":9}},"type":"if","locations":[{"start":{"line":13,"column":8},"end":{"line":15,"column":9}},{"start":{},"end":{}}],"line":13}},"s":{"0":1,"1":1,"2":15,"3":15,"4":2,"5":1,"6":2,"7":2,"8":0,"9":1},"f":{"0":15,"1":15,"2":2,"3":2},"b":{"0":[2,13],"1":[0,2]},"_coverageSchema":"1a1c01bbd47fc00a2c39e90264f33305004495a9","hash":"78ecafe46030e5350bc4293028794eb0e4428400"}
,"C:\\Users\\JaySabva\\Desktop\\Common_Ground\\BackEnd\\utils\\sendEmail.js": {"path":"C:\\Users\\JaySabva\\Desktop\\Common_Ground\\BackEnd\\utils\\sendEmail.js","statementMap":{"0":{"start":{"line":1,"column":19},"end":{"line":1,"column":40}},"1":{"start":{"line":3,"column":18},"end":{"line":28,"column":1}},"2":{"start":{"line":4,"column":4},"end":{"line":27,"column":5}},"3":{"start":{"line":5,"column":28},"end":{"line":12,"column":10}},"4":{"start":{"line":14,"column":28},"end":{"line":20,"column":9}},"5":{"start":{"line":22,"column":8},"end":{"line":22,"column":48}},"6":{"start":{"line":24,"column":8},"end":{"line":24,"column":47}},"7":{"start":{"line":26,"column":8},"end":{"line":26,"column":48}},"8":{"start":{"line":30,"column":0},"end":{"line":30,"column":27}}},"fnMap":{"0":{"name":"(anonymous_0)","decl":{"start":{"line":3,"column":18},"end":{"line":3,"column":19}},"loc":{"start":{"line":3,"column":50},"end":{"line":28,"column":1}},"line":3}},"branchMap":{},"s":{"0":1,"1":1,"2":3,"3":3,"4":3,"5":3,"6":3,"7":0,"8":1},"f":{"0":3},"b":{},"_coverageSchema":"1a1c01bbd47fc00a2c39e90264f33305004495a9","hash":"a56038dbaf0dcffaecd10d5edf7ff58d0e853cbf"}
}
