TN:
SF:app.js
FN:27,(anonymous_0)
FN:30,(anonymous_1)
FN:51,(anonymous_2)
FN:58,(anonymous_3)
FNF:4
FNH:4
FNDA:1,(anonymous_0)
FNDA:214,(anonymous_1)
FNDA:2,(anonymous_2)
FNDA:2,(anonymous_3)
DA:1,1
DA:2,1
DA:3,1
DA:4,1
DA:5,1
DA:6,1
DA:8,1
DA:9,1
DA:13,1
DA:14,1
DA:15,1
DA:16,1
DA:19,1
DA:20,1
DA:21,1
DA:24,1
DA:27,1
DA:30,1
DA:31,214
DA:32,214
DA:33,214
DA:34,0
DA:35,0
DA:37,214
DA:42,1
DA:45,1
DA:46,1
DA:47,1
DA:48,1
DA:51,1
DA:52,2
DA:53,2
DA:54,2
DA:58,1
DA:59,2
DA:60,2
DA:68,1
LF:37
LH:35
BRDA:33,0,0,0
BRDA:33,0,1,214
BRDA:59,1,0,2
BRDA:59,1,1,0
BRF:4
BRH:2
end_of_record
TN:
SF:api\controllers\assignment.js
FN:15,(anonymous_0)
FN:38,(anonymous_1)
FN:104,(anonymous_2)
FN:151,(anonymous_3)
FNF:4
FNH:4
FNDA:4,(anonymous_0)
FNDA:1,(anonymous_1)
FNDA:4,(anonymous_2)
FNDA:5,(anonymous_3)
DA:1,1
DA:2,1
DA:3,1
DA:5,1
DA:6,1
DA:7,1
DA:8,1
DA:9,1
DA:11,1
DA:12,1
DA:15,1
DA:16,4
DA:17,4
DA:18,1
DA:23,3
DA:24,3
DA:25,1
DA:29,2
DA:31,2
DA:32,1
DA:36,1
DA:37,1
DA:38,1
DA:40,1
DA:49,1
DA:50,1
DA:52,1
DA:54,1
DA:55,1
DA:60,0
DA:104,1
DA:105,4
DA:106,4
DA:107,1
DA:112,3
DA:113,3
DA:114,1
DA:119,2
DA:120,2
DA:122,2
DA:123,1
DA:128,1
DA:129,1
DA:130,1
DA:132,1
DA:133,1
DA:136,1
DA:137,1
DA:139,1
DA:141,1
DA:145,0
DA:151,1
DA:152,5
DA:153,5
DA:154,1
DA:159,4
DA:160,4
DA:161,1
DA:166,3
DA:167,3
DA:169,3
DA:170,1
DA:175,2
DA:176,2
DA:177,1
DA:182,1
DA:183,1
DA:184,1
DA:186,1
DA:190,0
LF:70
LH:67
BRDA:17,0,0,1
BRDA:17,0,1,3
BRDA:24,1,0,1
BRDA:24,1,1,2
BRDA:31,2,0,1
BRDA:31,2,1,1
BRDA:37,3,0,1
BRDA:37,3,1,0
BRDA:106,4,0,1
BRDA:106,4,1,3
BRDA:113,5,0,1
BRDA:113,5,1,2
BRDA:122,6,0,1
BRDA:122,6,1,1
BRDA:132,7,0,1
BRDA:132,7,1,0
BRDA:153,8,0,1
BRDA:153,8,1,4
BRDA:160,9,0,1
BRDA:160,9,1,3
BRDA:169,10,0,1
BRDA:169,10,1,2
BRDA:176,11,0,1
BRDA:176,11,1,1
BRF:24
BRH:22
end_of_record
TN:
SF:api\controllers\course.js
FN:23,(anonymous_0)
FN:89,(anonymous_1)
FN:149,(anonymous_2)
FN:241,(anonymous_3)
FN:303,(anonymous_4)
FN:343,(anonymous_5)
FN:371,(anonymous_6)
FN:399,(anonymous_7)
FN:437,(anonymous_8)
FN:524,addWrappedText
FNF:10
FNH:6
FNDA:3,(anonymous_0)
FNDA:4,(anonymous_1)
FNDA:2,(anonymous_2)
FNDA:0,(anonymous_3)
FNDA:7,(anonymous_4)
FNDA:0,(anonymous_5)
FNDA:2,(anonymous_6)
FNDA:2,(anonymous_7)
FNDA:0,(anonymous_8)
FNDA:0,addWrappedText
DA:1,1
DA:2,1
DA:3,1
DA:4,1
DA:5,1
DA:6,1
DA:7,1
DA:9,1
DA:10,1
DA:11,1
DA:12,1
DA:13,1
DA:14,1
DA:15,1
DA:16,1
DA:17,1
DA:19,1
DA:20,1
DA:23,1
DA:24,3
DA:25,3
DA:26,1
DA:30,2
DA:31,2
DA:32,1
DA:35,2
DA:36,2
DA:37,1
DA:42,1
DA:57,1
DA:60,1
DA:61,1
DA:64,1
DA:65,1
DA:67,1
DA:69,1
DA:71,1
DA:72,1
DA:73,1
DA:75,1
DA:81,0
DA:83,0
DA:89,1
DA:90,4
DA:91,4
DA:92,4
DA:94,4
DA:95,2
DA:100,2
DA:101,1
DA:106,1
DA:107,1
DA:108,1
DA:110,1
DA:111,1
DA:112,1
DA:113,1
DA:116,1
DA:118,1
DA:119,1
DA:120,0
DA:121,0
DA:122,0
DA:123,0
DA:124,0
DA:125,0
DA:126,0
DA:127,0
DA:130,0
DA:133,1
DA:134,1
DA:136,1
DA:141,0
DA:143,0
DA:149,1
DA:150,2
DA:151,2
DA:152,2
DA:154,2
DA:155,0
DA:160,2
DA:161,1
DA:166,1
DA:167,1
DA:168,0
DA:172,0
DA:175,1
DA:177,1
DA:178,0
DA:183,1
DA:185,1
DA:228,1
DA:230,1
DA:235,0
DA:241,1
DA:242,0
DA:243,0
DA:244,0
DA:246,0
DA:247,0
DA:252,0
DA:253,0
DA:254,0
DA:259,0
DA:261,0
DA:262,0
DA:265,0
DA:267,0
DA:268,0
DA:271,0
DA:272,0
DA:274,0
DA:275,0
DA:277,0
DA:279,0
DA:280,0
DA:281,0
DA:282,0
DA:283,0
DA:286,0
DA:287,0
DA:288,0
DA:290,0
DA:292,0
DA:297,0
DA:298,0
DA:303,1
DA:304,7
DA:305,7
DA:307,7
DA:308,2
DA:312,5
DA:313,0
DA:318,5
DA:319,3
DA:324,2
DA:326,2
DA:327,2
DA:329,2
DA:330,2
DA:332,2
DA:336,0
DA:337,0
DA:343,1
DA:344,0
DA:345,0
DA:347,0
DA:348,0
DA:353,0
DA:354,0
DA:355,0
DA:357,0
DA:358,0
DA:360,0
DA:364,0
DA:365,0
DA:371,1
DA:372,2
DA:373,2
DA:375,2
DA:376,1
DA:381,1
DA:382,1
DA:383,1
DA:385,1
DA:386,1
DA:388,1
DA:392,0
DA:393,0
DA:399,1
DA:400,2
DA:401,2
DA:402,2
DA:403,1
DA:408,1
DA:409,1
DA:410,0
DA:415,1
DA:416,1
DA:422,1
DA:423,1
DA:424,1
DA:426,1
DA:431,0
DA:437,1
DA:438,0
DA:439,0
DA:440,0
DA:441,0
DA:446,0
DA:447,0
DA:448,0
DA:453,0
DA:454,0
DA:455,0
DA:460,0
DA:461,0
DA:462,0
DA:472,0
DA:473,0
DA:474,0
DA:479,0
DA:480,0
DA:485,0
DA:486,0
DA:487,0
DA:490,0
DA:491,0
DA:492,0
DA:493,0
DA:495,0
DA:497,0
DA:499,0
DA:500,0
DA:506,0
DA:512,0
DA:514,0
DA:515,0
DA:516,0
DA:517,0
DA:519,0
DA:520,0
DA:522,0
DA:523,0
DA:525,0
DA:531,0
DA:532,0
DA:533,0
DA:535,0
DA:536,0
DA:538,0
DA:539,0
DA:541,0
DA:542,0
DA:544,0
DA:545,0
DA:547,0
DA:548,0
DA:550,0
DA:552,0
DA:557,0
DA:562,0
DA:565,0
DA:566,0
LF:244
LH:117
BRDA:25,0,0,1
BRDA:25,0,1,2
BRDA:31,1,0,1
BRDA:31,1,1,1
BRDA:36,2,0,1
BRDA:36,2,1,1
BRDA:60,3,0,1
BRDA:60,3,1,0
BRDA:94,4,0,2
BRDA:94,4,1,2
BRDA:100,5,0,1
BRDA:100,5,1,1
BRDA:110,6,0,1
BRDA:110,6,1,0
BRDA:110,7,0,1
BRDA:110,7,1,1
BRDA:110,7,2,1
BRDA:121,8,0,0
BRDA:121,8,1,0
BRDA:154,9,0,0
BRDA:154,9,1,2
BRDA:160,10,0,1
BRDA:160,10,1,1
BRDA:167,11,0,0
BRDA:167,11,1,1
BRDA:177,12,0,0
BRDA:177,12,1,1
BRDA:246,13,0,0
BRDA:246,13,1,0
BRDA:253,14,0,0
BRDA:253,14,1,0
BRDA:261,15,0,0
BRDA:261,15,1,0
BRDA:267,16,0,0
BRDA:267,16,1,0
BRDA:307,17,0,2
BRDA:307,17,1,5
BRDA:312,18,0,0
BRDA:312,18,1,5
BRDA:318,19,0,3
BRDA:318,19,1,2
BRDA:347,20,0,0
BRDA:347,20,1,0
BRDA:375,21,0,1
BRDA:375,21,1,1
BRDA:402,22,0,1
BRDA:402,22,1,1
BRDA:409,23,0,0
BRDA:409,23,1,1
BRDA:415,24,0,1
BRDA:415,24,1,0
BRDA:440,25,0,0
BRDA:440,25,1,0
BRDA:447,26,0,0
BRDA:447,26,1,0
BRDA:454,27,0,0
BRDA:454,27,1,0
BRDA:461,28,0,0
BRDA:461,28,1,0
BRDA:473,29,0,0
BRDA:473,29,1,0
BRF:61
BRH:31
end_of_record
TN:
SF:api\controllers\discussion.js
FN:9,(anonymous_0)
FN:62,(anonymous_1)
FN:118,(anonymous_2)
FNF:3
FNH:3
FNDA:2,(anonymous_0)
FNDA:4,(anonymous_1)
FNDA:2,(anonymous_2)
DA:1,1
DA:3,1
DA:4,1
DA:5,1
DA:6,1
DA:9,1
DA:10,2
DA:12,2
DA:13,1
DA:19,1
DA:20,1
DA:21,0
DA:25,1
DA:31,2
DA:33,2
DA:34,0
DA:39,2
DA:40,0
DA:45,2
DA:46,2
DA:48,2
DA:49,2
DA:51,2
DA:55,0
DA:56,0
DA:62,1
DA:63,4
DA:64,4
DA:66,4
DA:67,0
DA:72,4
DA:73,0
DA:78,4
DA:79,4
DA:81,4
DA:83,4
DA:84,2
DA:89,2
DA:90,1
DA:91,0
DA:96,2
DA:97,1
DA:98,0
DA:104,2
DA:105,2
DA:107,2
DA:111,0
DA:112,0
DA:118,1
DA:119,2
DA:120,2
DA:122,2
DA:123,0
DA:128,2
DA:129,0
DA:134,2
DA:135,2
DA:137,2
DA:139,2
DA:140,0
DA:145,2
DA:146,1
DA:147,0
DA:152,2
DA:153,1
DA:154,0
DA:160,2
DA:161,2
DA:163,2
DA:167,0
DA:168,0
LF:71
LH:53
BRDA:12,0,0,1
BRDA:12,0,1,1
BRDA:20,1,0,0
BRDA:20,1,1,1
BRDA:33,2,0,0
BRDA:33,2,1,2
BRDA:39,3,0,0
BRDA:39,3,1,2
BRDA:66,4,0,0
BRDA:66,4,1,4
BRDA:72,5,0,0
BRDA:72,5,1,4
BRDA:83,6,0,2
BRDA:83,6,1,2
BRDA:89,7,0,1
BRDA:89,7,1,1
BRDA:90,8,0,0
BRDA:90,8,1,1
BRDA:96,9,0,1
BRDA:96,9,1,1
BRDA:97,10,0,0
BRDA:97,10,1,1
BRDA:122,11,0,0
BRDA:122,11,1,2
BRDA:128,12,0,0
BRDA:128,12,1,2
BRDA:139,13,0,0
BRDA:139,13,1,2
BRDA:145,14,0,1
BRDA:145,14,1,1
BRDA:146,15,0,0
BRDA:146,15,1,1
BRDA:152,16,0,1
BRDA:152,16,1,1
BRDA:153,17,0,0
BRDA:153,17,1,1
BRF:36
BRH:24
end_of_record
TN:
SF:api\controllers\educator.js
FN:14,(anonymous_0)
FN:85,(anonymous_1)
FN:126,(anonymous_2)
FN:147,(anonymous_3)
FN:170,(anonymous_4)
FN:195,(anonymous_5)
FN:282,(anonymous_6)
FNF:7
FNH:7
FNDA:10,(anonymous_0)
FNDA:58,(anonymous_1)
FNDA:1,(anonymous_2)
FNDA:1,(anonymous_3)
FNDA:3,(anonymous_4)
FNDA:2,(anonymous_5)
FNDA:2,(anonymous_6)
DA:1,1
DA:2,1
DA:3,1
DA:4,1
DA:5,1
DA:6,1
DA:8,1
DA:9,1
DA:10,1
DA:11,1
DA:12,1
DA:14,1
DA:15,10
DA:16,10
DA:18,10
DA:19,3
DA:20,3
DA:21,3
DA:26,7
DA:28,7
DA:29,1
DA:30,1
DA:31,1
DA:36,6
DA:38,6
DA:39,2
DA:40,2
DA:41,2
DA:46,4
DA:48,4
DA:49,4
DA:50,1
DA:53,4
DA:69,4
DA:71,4
DA:75,0
DA:76,0
DA:77,0
DA:79,0
DA:85,1
DA:86,58
DA:87,58
DA:89,58
DA:90,1
DA:95,57
DA:97,57
DA:98,56
DA:109,56
DA:114,1
DA:119,0
DA:120,0
DA:126,1
DA:127,1
DA:128,1
DA:129,1
DA:130,0
DA:135,1
DA:136,0
DA:137,0
DA:140,1
DA:141,1
DA:143,1
DA:144,1
DA:145,1
DA:146,1
DA:147,1
DA:148,1
DA:150,1
DA:153,1
DA:155,1
DA:156,1
DA:160,0
DA:161,0
DA:162,0
DA:164,0
DA:170,1
DA:171,3
DA:172,3
DA:173,3
DA:175,3
DA:176,1
DA:181,2
DA:182,1
DA:184,2
DA:188,0
DA:189,0
DA:195,1
DA:196,2
DA:197,2
DA:199,2
DA:200,1
DA:205,1
DA:206,1
DA:207,1
DA:211,1
DA:214,1
DA:215,1
DA:216,1
DA:271,1
DA:273,1
DA:278,0
DA:282,1
DA:283,2
DA:284,2
DA:285,2
DA:286,1
DA:292,1
DA:293,1
DA:294,1
DA:299,0
DA:301,0
DA:303,0
DA:305,0
DA:309,0
DA:310,0
LF:115
LH:93
BRDA:18,0,0,3
BRDA:18,0,1,7
BRDA:19,1,0,3
BRDA:19,1,1,0
BRDA:28,2,0,1
BRDA:28,2,1,6
BRDA:29,3,0,1
BRDA:29,3,1,0
BRDA:38,4,0,2
BRDA:38,4,1,4
BRDA:39,5,0,2
BRDA:39,5,1,0
BRDA:49,6,0,1
BRDA:49,6,1,3
BRDA:76,7,0,0
BRDA:76,7,1,0
BRDA:89,8,0,1
BRDA:89,8,1,57
BRDA:97,9,0,56
BRDA:97,9,1,1
BRDA:129,10,0,0
BRDA:129,10,1,1
BRDA:135,11,0,0
BRDA:135,11,1,1
BRDA:136,12,0,0
BRDA:136,12,1,0
BRDA:136,13,0,0
BRDA:136,13,1,0
BRDA:140,14,0,1
BRDA:140,14,1,0
BRDA:141,15,0,1
BRDA:141,15,1,0
BRDA:148,16,0,1
BRDA:148,16,1,0
BRDA:153,17,0,0
BRDA:153,17,1,1
BRDA:161,18,0,0
BRDA:161,18,1,0
BRDA:175,19,0,1
BRDA:175,19,1,2
BRDA:181,20,0,1
BRDA:181,20,1,1
BRDA:199,21,0,1
BRDA:199,21,1,1
BRDA:206,22,0,1
BRDA:206,22,1,0
BRDA:285,23,0,1
BRDA:285,23,1,1
BRDA:293,24,0,1
BRDA:293,24,1,0
BRF:50
BRH:31
end_of_record
TN:
SF:api\controllers\fileStream.js
FN:14,(anonymous_0)
FN:50,(anonymous_1)
FN:87,(anonymous_2)
FN:179,getContentType
FN:191,(anonymous_4)
FNF:5
FNH:0
FNDA:0,(anonymous_0)
FNDA:0,(anonymous_1)
FNDA:0,(anonymous_2)
FNDA:0,getContentType
FNDA:0,(anonymous_4)
DA:1,1
DA:2,1
DA:3,1
DA:4,1
DA:5,1
DA:6,1
DA:8,1
DA:9,1
DA:10,1
DA:11,1
DA:12,1
DA:14,1
DA:15,0
DA:16,0
DA:17,0
DA:18,0
DA:21,0
DA:22,0
DA:23,0
DA:28,0
DA:29,0
DA:30,0
DA:35,0
DA:36,0
DA:37,0
DA:42,0
DA:43,0
DA:45,0
DA:46,0
DA:48,0
DA:50,0
DA:51,0
DA:52,0
DA:58,0
DA:59,0
DA:61,0
DA:62,0
DA:63,0
DA:65,0
DA:67,0
DA:74,0
DA:76,0
DA:77,0
DA:80,0
DA:81,0
DA:87,1
DA:88,0
DA:89,0
DA:90,0
DA:92,0
DA:93,0
DA:94,0
DA:99,0
DA:100,0
DA:101,0
DA:106,0
DA:107,0
DA:108,0
DA:114,0
DA:115,0
DA:121,0
DA:123,0
DA:125,0
DA:126,0
DA:130,0
DA:131,0
DA:136,0
DA:137,0
DA:142,0
DA:143,0
DA:145,0
DA:146,0
DA:147,0
DA:148,0
DA:150,0
DA:152,0
DA:159,0
DA:161,0
DA:162,0
DA:164,0
DA:168,0
DA:169,0
DA:172,0
DA:173,0
DA:180,0
DA:181,0
DA:183,0
DA:185,0
DA:187,0
DA:191,1
DA:192,0
DA:193,0
DA:194,0
DA:195,0
DA:200,0
DA:201,0
DA:202,0
DA:204,0
DA:212,0
DA:213,0
LF:100
LH:14
BRDA:17,0,0,0
BRDA:17,0,1,0
BRDA:22,1,0,0
BRDA:22,1,1,0
BRDA:29,2,0,0
BRDA:29,2,1,0
BRDA:36,3,0,0
BRDA:36,3,1,0
BRDA:51,4,0,0
BRDA:51,4,1,0
BRDA:93,5,0,0
BRDA:93,5,1,0
BRDA:100,6,0,0
BRDA:100,6,1,0
BRDA:106,7,0,0
BRDA:106,7,1,0
BRDA:107,8,0,0
BRDA:107,8,1,0
BRDA:114,9,0,0
BRDA:114,9,1,0
BRDA:125,10,0,0
BRDA:125,10,1,0
BRDA:130,11,0,0
BRDA:130,11,1,0
BRDA:136,12,0,0
BRDA:136,12,1,0
BRDA:145,13,0,0
BRDA:145,13,1,0
BRDA:181,14,0,0
BRDA:181,14,1,0
BRDA:181,14,2,0
BRDA:194,15,0,0
BRDA:194,15,1,0
BRF:33
BRH:0
end_of_record
TN:
SF:api\controllers\query.js
FN:11,(anonymous_0)
FN:26,(anonymous_1)
FN:47,(anonymous_2)
FN:147,(anonymous_3)
FN:187,(anonymous_4)
FN:222,(anonymous_5)
FN:241,(anonymous_6)
FN:267,(anonymous_7)
FN:375,(anonymous_8)
FN:450,(anonymous_9)
FNF:10
FNH:0
FNDA:0,(anonymous_0)
FNDA:0,(anonymous_1)
FNDA:0,(anonymous_2)
FNDA:0,(anonymous_3)
FNDA:0,(anonymous_4)
FNDA:0,(anonymous_5)
FNDA:0,(anonymous_6)
FNDA:0,(anonymous_7)
FNDA:0,(anonymous_8)
FNDA:0,(anonymous_9)
DA:1,1
DA:2,1
DA:3,1
DA:4,1
DA:6,1
DA:7,1
DA:8,1
DA:9,1
DA:11,1
DA:12,0
DA:13,0
DA:15,0
DA:19,0
DA:20,0
DA:26,1
DA:27,0
DA:28,0
DA:30,0
DA:31,0
DA:36,0
DA:40,0
DA:41,0
DA:47,1
DA:48,0
DA:49,0
DA:53,0
DA:54,0
DA:56,0
DA:57,0
DA:59,0
DA:60,0
DA:61,0
DA:63,0
DA:64,0
DA:66,0
DA:67,0
DA:73,0
DA:74,0
DA:76,0
DA:77,0
DA:80,0
DA:85,0
DA:86,0
DA:87,0
DA:89,0
DA:90,0
DA:129,0
DA:135,0
DA:139,0
DA:140,0
DA:147,1
DA:148,0
DA:149,0
DA:150,0
DA:155,0
DA:158,0
DA:159,0
DA:160,0
DA:161,0
DA:162,0
DA:163,0
DA:164,0
DA:167,0
DA:168,0
DA:169,0
DA:171,0
DA:172,0
DA:180,0
DA:181,0
DA:187,1
DA:188,0
DA:189,0
DA:191,0
DA:192,0
DA:193,0
DA:197,0
DA:200,0
DA:201,0
DA:202,0
DA:203,0
DA:207,0
DA:211,0
DA:215,0
DA:216,0
DA:222,1
DA:223,0
DA:224,0
DA:225,0
DA:226,0
DA:230,0
DA:234,0
DA:235,0
DA:241,1
DA:242,0
DA:243,0
DA:254,0
DA:256,0
DA:260,0
DA:261,0
DA:267,1
DA:268,0
DA:270,0
DA:271,0
DA:272,0
DA:276,0
DA:315,0
DA:316,0
DA:358,0
DA:359,0
DA:364,0
DA:368,0
DA:369,0
DA:375,1
DA:376,0
DA:377,0
DA:433,0
DA:434,0
DA:439,0
DA:443,0
DA:444,0
DA:450,1
DA:451,0
DA:454,0
DA:455,0
DA:456,0
DA:461,0
DA:462,0
DA:463,0
DA:464,0
DA:465,0
DA:467,0
DA:472,0
DA:473,0
LF:133
LH:18
BRDA:30,0,0,0
BRDA:30,0,1,0
BRDA:53,1,0,0
BRDA:53,1,1,0
BRDA:56,2,0,0
BRDA:56,2,1,0
BRDA:59,3,0,0
BRDA:59,3,1,0
BRDA:63,4,0,0
BRDA:63,4,1,0
BRDA:66,5,0,0
BRDA:66,5,1,0
BRDA:73,6,0,0
BRDA:73,6,1,0
BRDA:76,7,0,0
BRDA:76,7,1,0
BRDA:85,8,0,0
BRDA:85,8,1,0
BRDA:89,9,0,0
BRDA:89,9,1,0
BRDA:149,10,0,0
BRDA:149,10,1,0
BRDA:189,11,0,0
BRDA:189,11,1,0
BRDA:192,12,0,0
BRDA:192,12,1,0
BRDA:200,13,0,0
BRDA:200,13,1,0
BRDA:202,14,0,0
BRDA:202,14,1,0
BRDA:225,15,0,0
BRDA:225,15,1,0
BRDA:270,16,0,0
BRDA:270,16,1,0
BRDA:271,17,0,0
BRDA:271,17,1,0
BRDA:315,18,0,0
BRDA:315,18,1,0
BRDA:358,19,0,0
BRDA:358,19,1,0
BRDA:433,20,0,0
BRDA:433,20,1,0
BRDA:455,21,0,0
BRDA:455,21,1,0
BRF:44
BRH:0
end_of_record
TN:
SF:api\controllers\section.js
FN:14,(anonymous_0)
FN:51,(anonymous_1)
FN:110,(anonymous_2)
FN:151,(anonymous_3)
FN:176,(anonymous_4)
FN:201,(anonymous_5)
FN:247,(anonymous_6)
FN:273,(anonymous_7)
FNF:8
FNH:7
FNDA:4,(anonymous_0)
FNDA:4,(anonymous_1)
FNDA:4,(anonymous_2)
FNDA:4,(anonymous_3)
FNDA:0,(anonymous_4)
FNDA:5,(anonymous_5)
FNDA:1,(anonymous_6)
FNDA:5,(anonymous_7)
DA:1,1
DA:2,1
DA:3,1
DA:4,1
DA:5,1
DA:7,1
DA:8,1
DA:9,1
DA:10,1
DA:11,1
DA:14,1
DA:15,4
DA:16,4
DA:17,4
DA:18,1
DA:23,3
DA:24,1
DA:29,2
DA:34,2
DA:35,2
DA:36,2
DA:38,2
DA:44,0
DA:45,0
DA:51,1
DA:52,4
DA:53,4
DA:54,4
DA:55,1
DA:60,3
DA:61,1
DA:66,2
DA:67,2
DA:68,1
DA:72,1
DA:73,1
DA:75,1
DA:76,1
DA:78,1
DA:79,0
DA:80,0
DA:83,1
DA:84,0
DA:85,0
DA:86,0
DA:87,0
DA:91,1
DA:93,1
DA:95,1
DA:97,1
DA:103,0
DA:104,0
DA:110,1
DA:111,4
DA:112,4
DA:113,4
DA:114,1
DA:119,3
DA:120,1
DA:125,2
DA:126,2
DA:127,1
DA:131,1
DA:133,1
DA:134,0
DA:137,1
DA:139,1
DA:140,1
DA:145,0
DA:146,0
DA:151,1
DA:152,4
DA:153,4
DA:155,4
DA:156,1
DA:161,3
DA:162,1
DA:167,2
DA:168,2
DA:169,1
DA:174,1
DA:175,1
DA:176,0
DA:178,1
DA:184,1
DA:185,1
DA:187,1
DA:193,0
DA:194,0
DA:201,1
DA:202,5
DA:203,5
DA:205,5
DA:206,1
DA:211,4
DA:212,1
DA:217,3
DA:218,3
DA:219,1
DA:224,2
DA:226,2
DA:227,1
DA:232,1
DA:234,0
DA:235,0
DA:236,0
DA:239,0
DA:240,0
DA:241,0
DA:246,1
DA:247,1
DA:248,1
DA:250,1
DA:251,1
DA:253,1
DA:254,1
DA:257,1
DA:259,1
DA:265,0
DA:267,0
DA:273,1
DA:274,5
DA:275,5
DA:277,5
DA:278,1
DA:283,4
DA:284,1
DA:289,3
DA:290,3
DA:291,1
DA:296,2
DA:298,2
DA:299,1
DA:304,1
DA:305,1
DA:306,1
DA:309,1
DA:311,1
DA:313,1
DA:317,0
DA:318,0
LF:141
LH:115
BRDA:17,0,0,1
BRDA:17,0,1,3
BRDA:23,1,0,1
BRDA:23,1,1,2
BRDA:54,2,0,1
BRDA:54,2,1,3
BRDA:60,3,0,1
BRDA:60,3,1,2
BRDA:67,4,0,1
BRDA:67,4,1,1
BRDA:78,5,0,0
BRDA:78,5,1,1
BRDA:113,6,0,1
BRDA:113,6,1,3
BRDA:119,7,0,1
BRDA:119,7,1,2
BRDA:126,8,0,1
BRDA:126,8,1,1
BRDA:133,9,0,0
BRDA:133,9,1,1
BRDA:155,10,0,1
BRDA:155,10,1,3
BRDA:161,11,0,1
BRDA:161,11,1,2
BRDA:168,12,0,1
BRDA:168,12,1,1
BRDA:175,13,0,0
BRDA:175,13,1,1
BRDA:205,14,0,1
BRDA:205,14,1,4
BRDA:211,15,0,1
BRDA:211,15,1,3
BRDA:218,16,0,1
BRDA:218,16,1,2
BRDA:226,17,0,1
BRDA:226,17,1,1
BRDA:232,18,0,0
BRDA:232,18,1,1
BRDA:234,19,0,0
BRDA:234,19,1,0
BRDA:246,20,0,1
BRDA:246,20,1,0
BRDA:250,21,0,1
BRDA:250,21,1,0
BRDA:253,22,0,1
BRDA:253,22,1,0
BRDA:277,23,0,1
BRDA:277,23,1,4
BRDA:283,24,0,1
BRDA:283,24,1,3
BRDA:290,25,0,1
BRDA:290,25,1,2
BRDA:298,26,0,1
BRDA:298,26,1,1
BRDA:305,27,0,1
BRDA:305,27,1,0
BRF:56
BRH:46
end_of_record
TN:
SF:api\controllers\student.js
FN:15,(anonymous_0)
FN:86,(anonymous_1)
FN:127,(anonymous_2)
FN:148,(anonymous_3)
FN:172,(anonymous_4)
FN:197,(anonymous_5)
FN:285,(anonymous_6)
FNF:7
FNH:7
FNDA:9,(anonymous_0)
FNDA:34,(anonymous_1)
FNDA:1,(anonymous_2)
FNDA:1,(anonymous_3)
FNDA:3,(anonymous_4)
FNDA:2,(anonymous_5)
FNDA:2,(anonymous_6)
DA:1,1
DA:2,1
DA:3,1
DA:4,1
DA:7,1
DA:8,1
DA:9,1
DA:10,1
DA:11,1
DA:12,1
DA:13,1
DA:15,1
DA:16,9
DA:17,9
DA:19,9
DA:20,4
DA:21,4
DA:22,4
DA:27,5
DA:29,5
DA:30,1
DA:31,1
DA:32,1
DA:37,4
DA:39,4
DA:40,1
DA:41,1
DA:42,1
DA:47,3
DA:49,3
DA:50,3
DA:51,1
DA:54,3
DA:70,3
DA:72,3
DA:76,0
DA:77,0
DA:78,0
DA:80,0
DA:86,1
DA:87,34
DA:88,34
DA:90,34
DA:91,1
DA:96,33
DA:98,33
DA:99,32
DA:110,32
DA:115,1
DA:120,0
DA:121,0
DA:127,1
DA:128,1
DA:129,1
DA:130,1
DA:131,0
DA:136,1
DA:137,0
DA:138,0
DA:141,1
DA:142,1
DA:144,1
DA:145,1
DA:146,1
DA:147,1
DA:148,1
DA:149,1
DA:151,1
DA:154,1
DA:156,1
DA:158,1
DA:162,0
DA:163,0
DA:164,0
DA:166,0
DA:172,1
DA:173,3
DA:174,3
DA:175,3
DA:177,3
DA:178,1
DA:182,2
DA:183,1
DA:185,2
DA:189,0
DA:190,0
DA:197,1
DA:198,2
DA:199,2
DA:201,2
DA:202,1
DA:207,1
DA:208,1
DA:209,1
DA:213,1
DA:216,1
DA:217,1
DA:218,1
DA:273,1
DA:275,1
DA:280,0
DA:285,1
DA:286,2
DA:287,2
DA:288,2
DA:289,1
DA:294,1
DA:295,1
DA:296,1
DA:301,0
DA:303,0
DA:305,0
DA:307,0
DA:311,0
DA:312,0
LF:115
LH:93
BRDA:19,0,0,4
BRDA:19,0,1,5
BRDA:20,1,0,4
BRDA:20,1,1,0
BRDA:29,2,0,1
BRDA:29,2,1,4
BRDA:30,3,0,1
BRDA:30,3,1,0
BRDA:39,4,0,1
BRDA:39,4,1,3
BRDA:40,5,0,1
BRDA:40,5,1,0
BRDA:50,6,0,1
BRDA:50,6,1,2
BRDA:77,7,0,0
BRDA:77,7,1,0
BRDA:90,8,0,1
BRDA:90,8,1,33
BRDA:98,9,0,32
BRDA:98,9,1,1
BRDA:130,10,0,0
BRDA:130,10,1,1
BRDA:136,11,0,0
BRDA:136,11,1,1
BRDA:137,12,0,0
BRDA:137,12,1,0
BRDA:137,13,0,0
BRDA:137,13,1,0
BRDA:141,14,0,1
BRDA:141,14,1,0
BRDA:142,15,0,1
BRDA:142,15,1,0
BRDA:149,16,0,1
BRDA:149,16,1,0
BRDA:154,17,0,0
BRDA:154,17,1,1
BRDA:163,18,0,0
BRDA:163,18,1,0
BRDA:177,19,0,1
BRDA:177,19,1,2
BRDA:182,20,0,1
BRDA:182,20,1,1
BRDA:201,21,0,1
BRDA:201,21,1,1
BRDA:208,22,0,1
BRDA:208,22,1,0
BRDA:288,23,0,1
BRDA:288,23,1,1
BRDA:295,24,0,1
BRDA:295,24,1,0
BRF:50
BRH:31
end_of_record
TN:
SF:api\controllers\submission.js
FN:18,(anonymous_0)
FN:47,(anonymous_1)
FN:67,(anonymous_2)
FN:77,(anonymous_3)
FNF:4
FNH:3
FNDA:4,(anonymous_0)
FNDA:1,(anonymous_1)
FNDA:0,(anonymous_2)
FNDA:1,(anonymous_3)
DA:1,1
DA:2,1
DA:3,1
DA:4,1
DA:5,1
DA:6,1
DA:8,1
DA:9,1
DA:10,1
DA:11,1
DA:12,1
DA:14,1
DA:15,1
DA:18,1
DA:19,4
DA:20,4
DA:21,4
DA:22,1
DA:27,3
DA:28,1
DA:33,2
DA:34,2
DA:35,0
DA:40,2
DA:41,0
DA:45,2
DA:46,2
DA:47,1
DA:49,2
DA:55,2
DA:57,2
DA:58,2
DA:60,2
DA:65,0
DA:66,0
DA:67,0
DA:68,0
DA:71,0
DA:77,1
DA:78,1
DA:79,1
DA:80,1
DA:81,1
DA:86,0
DA:87,0
DA:88,0
DA:93,0
DA:94,0
DA:95,0
DA:100,0
DA:101,0
DA:106,0
DA:107,0
DA:112,0
DA:113,0
DA:116,0
DA:117,0
DA:119,0
DA:121,0
DA:125,0
DA:126,0
LF:61
LH:36
BRDA:21,0,0,1
BRDA:21,0,1,3
BRDA:27,1,0,1
BRDA:27,1,1,2
BRDA:34,2,0,0
BRDA:34,2,1,2
BRDA:40,3,0,0
BRDA:40,3,1,2
BRDA:46,4,0,1
BRDA:46,4,1,1
BRDA:66,5,0,0
BRDA:66,5,1,0
BRDA:80,6,0,1
BRDA:80,6,1,0
BRDA:87,7,0,0
BRDA:87,7,1,0
BRDA:94,8,0,0
BRDA:94,8,1,0
BRDA:100,9,0,0
BRDA:100,9,1,0
BRDA:106,10,0,0
BRDA:106,10,1,0
BRDA:112,11,0,0
BRDA:112,11,1,0
BRF:24
BRH:9
end_of_record
TN:
SF:api\middleware\checkAuth.js
FN:3,(anonymous_0)
FNF:1
FNH:1
FNDA:93,(anonymous_0)
DA:1,1
DA:3,1
DA:4,93
DA:5,93
DA:6,93
DA:7,91
DA:9,2
DA:10,2
LF:8
LH:8
BRF:0
BRH:0
end_of_record
TN:
SF:api\middleware\checkEnroll.js
FN:5,(anonymous_0)
FNF:1
FNH:1
FNDA:26,(anonymous_0)
DA:1,1
DA:2,1
DA:3,1
DA:5,1
DA:6,26
DA:7,26
DA:8,26
DA:10,26
DA:11,26
DA:12,9
DA:17,17
DA:18,2
DA:23,15
DA:25,0
DA:26,0
LF:15
LH:13
BRDA:11,0,0,9
BRDA:11,0,1,17
BRDA:17,1,0,2
BRDA:17,1,1,15
BRDA:17,2,0,17
BRDA:17,2,1,6
BRF:6
BRH:6
end_of_record
TN:
SF:api\middleware\multerAssignment.js
FN:8,(anonymous_0)
FN:37,(anonymous_1)
FNF:2
FNH:2
FNDA:1,(anonymous_0)
FNDA:1,(anonymous_1)
DA:1,1
DA:2,1
DA:3,1
DA:4,1
DA:5,1
DA:7,1
DA:9,1
DA:10,1
DA:11,1
DA:12,0
DA:15,1
DA:16,1
DA:17,0
DA:19,1
DA:20,1
DA:21,1
DA:24,1
DA:25,1
DA:26,1
DA:27,1
DA:28,1
DA:30,1
DA:33,0
DA:34,0
DA:38,1
DA:42,1
DA:44,1
LF:27
LH:23
BRDA:11,0,0,0
BRDA:11,0,1,1
BRDA:16,1,0,0
BRDA:16,1,1,1
BRDA:20,2,0,1
BRDA:20,2,1,0
BRDA:26,3,0,1
BRDA:26,3,1,0
BRF:8
BRH:4
end_of_record
TN:
SF:api\middleware\multerCourse.js
FN:8,(anonymous_0)
FN:37,(anonymous_1)
FN:50,(anonymous_2)
FNF:3
FNH:3
FNDA:2,(anonymous_0)
FNDA:1,(anonymous_1)
FNDA:2,(anonymous_2)
DA:1,1
DA:2,1
DA:3,1
DA:5,1
DA:7,1
DA:9,2
DA:10,2
DA:12,2
DA:13,2
DA:14,2
DA:15,1
DA:17,1
DA:18,1
DA:19,1
DA:21,1
DA:22,1
DA:24,1
DA:25,1
DA:26,1
DA:29,1
DA:30,1
DA:32,0
DA:33,0
DA:36,1
DA:37,1
DA:38,1
DA:39,0
DA:41,1
DA:42,1
DA:46,0
DA:47,0
DA:51,2
DA:55,1
DA:57,1
LF:34
LH:29
BRDA:14,0,0,1
BRDA:14,0,1,1
BRDA:17,1,0,1
BRDA:17,1,1,0
BRDA:24,2,0,1
BRDA:24,2,1,0
BRDA:38,3,0,0
BRDA:38,3,1,1
BRF:8
BRH:5
end_of_record
TN:
SF:api\middleware\multerProfile.js
FN:4,(anonymous_0)
FN:13,(anonymous_1)
FN:16,(anonymous_2)
FNF:3
FNH:3
FNDA:14,(anonymous_0)
FNDA:14,(anonymous_1)
FNDA:14,(anonymous_2)
DA:1,1
DA:2,1
DA:4,1
DA:5,14
DA:6,14
DA:8,0
DA:12,1
DA:14,14
DA:17,14
DA:21,1
DA:23,1
LF:11
LH:10
BRDA:5,0,0,14
BRDA:5,0,1,0
BRF:2
BRH:1
end_of_record
TN:
SF:api\middleware\multerSection.js
FN:8,(anonymous_0)
FN:58,(anonymous_1)
FNF:2
FNH:2
FNDA:2,(anonymous_0)
FNDA:2,(anonymous_1)
DA:1,1
DA:2,1
DA:3,1
DA:4,1
DA:5,1
DA:7,1
DA:9,2
DA:10,2
DA:12,2
DA:13,2
DA:14,0
DA:17,2
DA:18,2
DA:19,0
DA:22,2
DA:23,2
DA:24,2
DA:25,2
DA:27,2
DA:32,2
DA:33,1
DA:36,2
DA:37,2
DA:39,2
DA:40,1
DA:43,2
DA:44,2
DA:46,0
DA:47,0
DA:50,0
DA:51,0
DA:54,0
DA:55,0
DA:59,2
DA:63,1
DA:65,1
LF:36
LH:28
BRDA:13,0,0,0
BRDA:13,0,1,2
BRDA:18,1,0,0
BRDA:18,1,1,2
BRDA:22,2,0,2
BRDA:22,2,1,0
BRDA:24,3,0,2
BRDA:24,3,1,0
BRDA:32,4,0,1
BRDA:32,4,1,1
BRDA:39,5,0,1
BRDA:39,5,1,1
BRF:12
BRH:8
end_of_record
TN:
SF:api\middleware\multerSubmission.js
FN:11,(anonymous_0)
FN:38,(anonymous_1)
FNF:2
FNH:2
FNDA:1,(anonymous_0)
FNDA:1,(anonymous_1)
DA:1,1
DA:2,1
DA:3,1
DA:4,1
DA:5,1
DA:6,1
DA:7,1
DA:8,1
DA:10,1
DA:12,1
DA:13,1
DA:14,0
DA:17,1
DA:18,1
DA:19,0
DA:22,1
DA:23,1
DA:24,0
DA:27,1
DA:28,1
DA:29,1
DA:31,1
DA:34,0
DA:35,0
DA:39,1
DA:40,1
DA:44,1
DA:46,1
LF:28
LH:23
BRDA:13,0,0,0
BRDA:13,0,1,1
BRDA:18,1,0,0
BRDA:18,1,1,1
BRDA:23,2,0,0
BRDA:23,2,1,1
BRDA:28,3,0,1
BRDA:28,3,1,0
BRF:8
BRH:4
end_of_record
TN:
SF:api\models\assignment.js
FNF:0
FNH:0
DA:1,1
DA:3,1
DA:38,1
DA:40,1
LF:4
LH:4
BRF:0
BRH:0
end_of_record
TN:
SF:api\models\certificate.js
FNF:0
FNH:0
DA:1,1
DA:3,1
DA:22,1
DA:24,1
LF:4
LH:4
BRF:0
BRH:0
end_of_record
TN:
SF:api\models\course.js
FNF:0
FNH:0
DA:1,1
DA:3,1
DA:19,1
DA:106,1
LF:4
LH:4
BRF:0
BRH:0
end_of_record
TN:
SF:api\models\discussion.js
FNF:0
FNH:0
DA:1,1
DA:3,1
DA:25,1
DA:31,1
DA:33,1
LF:5
LH:5
BRF:0
BRH:0
end_of_record
TN:
SF:api\models\educator.js
FNF:0
FNH:0
DA:1,1
DA:3,1
DA:69,1
DA:71,1
LF:4
LH:4
BRF:0
BRH:0
end_of_record
TN:
SF:api\models\section.js
FNF:0
FNH:0
DA:1,1
DA:3,1
DA:20,1
DA:34,1
DA:36,1
LF:5
LH:5
BRF:0
BRH:0
end_of_record
TN:
SF:api\models\student.js
FNF:0
FNH:0
DA:1,1
DA:3,1
DA:71,1
DA:73,1
LF:4
LH:4
BRF:0
BRH:0
end_of_record
TN:
SF:api\models\submission.js
FNF:0
FNH:0
DA:1,1
DA:3,1
DA:31,1
DA:33,1
LF:4
LH:4
BRF:0
BRH:0
end_of_record
TN:
SF:api\models\token.js
FNF:0
FNH:0
DA:1,1
DA:2,1
DA:4,1
DA:20,1
LF:4
LH:4
BRF:0
BRH:0
end_of_record
TN:
SF:api\routes\educator.js
FNF:0
FNH:0
DA:1,1
DA:2,1
DA:4,1
DA:5,1
DA:6,1
DA:7,1
DA:8,1
DA:10,1
DA:11,1
DA:14,1
DA:15,1
DA:16,1
DA:17,1
DA:18,1
DA:19,1
DA:20,1
DA:21,1
DA:23,1
DA:24,1
DA:25,1
DA:26,1
DA:27,1
DA:28,1
DA:30,1
DA:31,1
DA:32,1
DA:33,1
DA:34,1
DA:36,1
DA:37,1
DA:38,1
DA:40,1
DA:41,1
DA:42,1
DA:44,1
DA:45,1
DA:46,1
DA:48,1
DA:50,1
DA:51,1
DA:53,1
LF:41
LH:41
BRF:0
BRH:0
end_of_record
TN:
SF:api\routes\files.js
FNF:0
FNH:0
DA:1,1
DA:2,1
DA:4,1
DA:6,1
DA:7,1
DA:8,1
DA:10,1
LF:7
LH:7
BRF:0
BRH:0
end_of_record
TN:
SF:api\routes\query.js
FNF:0
FNH:0
DA:1,1
DA:2,1
DA:4,1
DA:6,1
DA:7,1
DA:9,1
DA:10,1
DA:12,1
DA:15,1
DA:16,1
DA:17,1
DA:18,1
DA:19,1
DA:20,1
DA:21,1
DA:22,1
DA:24,1
LF:17
LH:17
BRF:0
BRH:0
end_of_record
TN:
SF:api\routes\student.js
FNF:0
FNH:0
DA:1,1
DA:2,1
DA:4,1
DA:5,1
DA:6,1
DA:7,1
DA:9,1
DA:10,1
DA:13,1
DA:14,1
DA:15,1
DA:16,1
DA:18,1
DA:19,1
DA:20,1
DA:21,1
DA:22,1
DA:23,1
DA:25,1
DA:26,1
DA:27,1
DA:29,1
DA:30,1
DA:31,1
DA:32,1
DA:34,1
DA:35,1
DA:37,1
LF:28
LH:28
BRF:0
BRH:0
end_of_record
TN:
SF:utils\deleteFile.js
FN:3,(anonymous_0)
FN:4,(anonymous_1)
FN:11,(anonymous_2)
FN:12,(anonymous_3)
FNF:4
FNH:4
FNDA:15,(anonymous_0)
FNDA:15,(anonymous_1)
FNDA:2,(anonymous_2)
FNDA:2,(anonymous_3)
DA:1,1
DA:3,1
DA:4,15
DA:5,15
DA:6,2
DA:11,1
DA:12,2
DA:13,2
DA:14,0
DA:19,1
LF:10
LH:9
BRDA:5,0,0,2
BRDA:5,0,1,13
BRDA:13,1,0,0
BRDA:13,1,1,2
BRF:4
BRH:3
end_of_record
TN:
SF:utils\sendEmail.js
FN:3,(anonymous_0)
FNF:1
FNH:1
FNDA:3,(anonymous_0)
DA:1,1
DA:3,1
DA:4,3
DA:5,3
DA:14,3
DA:22,3
DA:24,3
DA:26,0
DA:30,1
LF:9
LH:8
BRF:0
BRH:0
end_of_record
